#
# There is insufficient memory for the Java Runtime Environment to continue.
# Native memory allocation (mmap) failed to map 132120576 bytes for G1 virtual space
# Possible reasons:
#   The system is out of physical RAM or swap space
#   The process is running with CompressedOops enabled, and the Java Heap may be blocking the growth of the native heap
# Possible solutions:
#   Reduce memory load on the system
#   Increase physical memory or swap space
#   Check if swap backing store is full
#   Decrease Java heap size (-Xmx/-Xms)
#   Decrease number of Java threads
#   Decrease Java thread stack sizes (-Xss)
#   Set larger code cache with -XX:ReservedCodeCacheSize=
#   JVM is running with Unscaled Compressed Oops mode in which the Java heap is
#     placed in the first 4GB address space. The Java Heap base address is the
#     maximum limit for the native heap growth. Please use -XX:HeapBaseMinAddress
#     to set the Java Heap base and to place the Java Heap above 4GB virtual address.
# This output file may be truncated or incomplete.
#
#  Out of Memory Error (os_windows.cpp:3825), pid=2504, tid=19700
#
# JRE version:  (17.0.9) (build )
# Java VM: OpenJDK 64-Bit Server VM (17.0.9+0--11084592, mixed mode, sharing, tiered, compressed oops, compressed class ptrs, g1 gc, windows-amd64)
# No core dump will be written. Minidumps are not enabled by default on client versions of Windows
#

---------------  S U M M A R Y ------------

Command Line: org.jetbrains.kotlin.cli.jvm.K2JVMCompiler @D:\Chintan Joshi\Open Git Project\HRVECGData\app\build\20231211_11479569821647381792.compiler.options

Host: 11th Gen Intel(R) Core(TM) i3-1115G4 @ 3.00GHz, 4 cores, 7G,  Windows 10 , 64 bit Build 19041 (10.0.19041.3636)
Time: Mon Dec 11 15:25:17 2023 India Standard Time elapsed time: 0.072800 seconds (0d 0h 0m 0s)

---------------  T H R E A D  ---------------

Current thread (0x0000024cd9e37a40):  JavaThread "Unknown thread" [_thread_in_vm, id=19700, stack(0x000000edbff00000,0x000000edc0000000)]

Stack: [0x000000edbff00000,0x000000edc0000000]
Native frames: (J=compiled Java code, j=interpreted, Vv=VM code, C=native code)
V  [jvm.dll+0x6886e9]
V  [jvm.dll+0x841e4a]
V  [jvm.dll+0x843a8e]
V  [jvm.dll+0x8440f3]
V  [jvm.dll+0x24c14f]
V  [jvm.dll+0x685499]
V  [jvm.dll+0x679c2a]
V  [jvm.dll+0x30cf9b]
V  [jvm.dll+0x314446]
V  [jvm.dll+0x36425e]
V  [jvm.dll+0x36448f]
V  [jvm.dll+0x2e2d68]
V  [jvm.dll+0x2e3cd4]
V  [jvm.dll+0x8129f1]
V  [jvm.dll+0x3720c1]
V  [jvm.dll+0x7f152c]
V  [jvm.dll+0x3f5d4f]
V  [jvm.dll+0x3f7981]
C  [jli.dll+0x528f]
C  [ucrtbase.dll+0x21bb2]
C  [KERNEL32.DLL+0x17344]
C  [ntdll.dll+0x526b1]


---------------  P R O C E S S  ---------------

Threads class SMR info:
_java_thread_list=0x00007ffdd205ef18, length=0, elements={
}

Java Threads: ( => current thread )

Other Threads:
  0x0000024cd9e93690 GCTaskThread "GC Thread#0" [stack: 0x000000edc0000000,0x000000edc0100000] [id=8676]
  0x0000024cd9ea3f20 ConcurrentGCThread "G1 Main Marker" [stack: 0x000000edc0100000,0x000000edc0200000] [id=13656]
  0x0000024cd9ea4940 ConcurrentGCThread "G1 Conc#0" [stack: 0x000000edc0200000,0x000000edc0300000] [id=10636]

[error occurred during error reporting (printing all threads), id 0xc0000005, EXCEPTION_ACCESS_VIOLATION (0xc0000005) at pc=0x00007ffdd1813937]

VM state: not at safepoint (not fully initialized)

VM Mutex/Monitor currently owned by a thread:  ([mutex/lock_event])
[0x0000024cd9e320e0] Heap_lock - owner thread: 0x0000024cd9e37a40

Heap address: 0x0000000083600000, size: 1994 MB, Compressed Oops mode: 32-bit

CDS archive(s) mapped at: [0x0000000000000000-0x0000000000000000-0x0000000000000000), size 0, SharedBaseAddress: 0x0000000800000000, ArchiveRelocationMode: 1.
Narrow klass base: 0x0000000000000000, Narrow klass shift: 0, Narrow klass range: 0x0

GC Precious Log:
<Empty>

Heap:
 garbage-first heap   total 0K, used 0K [0x0000000083600000, 0x0000000100000000)
  region size 1024K, 0 young (0K), 0 survivors (0K)
 Metaspace       used 0K, committed 0K, reserved 0K
  class space    used 0K, committed 0K, reserved 0K

Heap Regions: E=young(eden), S=young(survivor), O=old, HS=humongous(starts), HC=humongous(continues), CS=collection set, F=free, OA=open archive, CA=closed archive, TAMS=top-at-mark-start (previous, next)

Card table byte_map: [0x0000024cec710000,0x0000024cecb00000] _byte_map_base: 0x0000024cec2f5000

Marking Bits (Prev, Next): (CMBitMap*) 0x0000024cd9e93cb0, (CMBitMap*) 0x0000024cd9e93cf0
 Prev Bits: [0x0000024cecef0000, 0x0000024ceee18000)
 Next Bits: [0x0000024ceee20000, 0x0000024cf0d48000)

GC Heap History (0 events):
No events

Dll operation events (1 events):
Event: 0.038 Loaded shared library D:\Chintan Joshi\android-studio-2023.2.1.14-windows\android-studio\jbr\bin\java.dll

Deoptimization events (0 events):
No events

Classes unloaded (0 events):
No events

Classes redefined (0 events):
No events

Internal exceptions (0 events):
No events

VM Operations (0 events):
No events

Events (0 events):
No events


Dynamic libraries:
0x00007ff78a010000 - 0x00007ff78a01a000 	D:\Chintan Joshi\android-studio-2023.2.1.14-windows\android-studio\jbr\bin\java.exe
0x00007ffe546b0000 - 0x00007ffe548a8000 	C:\Windows\SYSTEM32\ntdll.dll
0x00007ffe53180000 - 0x00007ffe5323d000 	C:\Windows\System32\KERNEL32.DLL
0x00007ffe52180000 - 0x00007ffe52476000 	C:\Windows\System32\KERNELBASE.dll
0x00007ffe525a0000 - 0x00007ffe526a0000 	C:\Windows\System32\ucrtbase.dll
0x00007ffe31b30000 - 0x00007ffe31b47000 	D:\Chintan Joshi\android-studio-2023.2.1.14-windows\android-studio\jbr\bin\jli.dll
0x00007ffe53e90000 - 0x00007ffe5402e000 	C:\Windows\System32\USER32.dll
0x00007ffe51eb0000 - 0x00007ffe51ed2000 	C:\Windows\System32\win32u.dll
0x00007ffe52f90000 - 0x00007ffe52fbc000 	C:\Windows\System32\GDI32.dll
0x00007ffe51d90000 - 0x00007ffe51eaa000 	C:\Windows\System32\gdi32full.dll
0x00007ffe52480000 - 0x00007ffe5251d000 	C:\Windows\System32\msvcp_win.dll
0x00007ffe25770000 - 0x00007ffe2578b000 	D:\Chintan Joshi\android-studio-2023.2.1.14-windows\android-studio\jbr\bin\VCRUNTIME140.dll
0x00007ffe33ee0000 - 0x00007ffe3417a000 	C:\Windows\WinSxS\amd64_microsoft.windows.common-controls_6595b64144ccf1df_6.0.19041.3636_none_60b6a03d71f818d5\COMCTL32.dll
0x00007ffe530e0000 - 0x00007ffe5317e000 	C:\Windows\System32\msvcrt.dll
0x00007ffe53850000 - 0x00007ffe53880000 	C:\Windows\System32\IMM32.DLL
0x00007ffe33ab0000 - 0x00007ffe33abc000 	D:\Chintan Joshi\android-studio-2023.2.1.14-windows\android-studio\jbr\bin\vcruntime140_1.dll
0x00007ffe0e010000 - 0x00007ffe0e09d000 	D:\Chintan Joshi\android-studio-2023.2.1.14-windows\android-studio\jbr\bin\msvcp140.dll
0x00007ffdd1520000 - 0x00007ffdd21a3000 	D:\Chintan Joshi\android-studio-2023.2.1.14-windows\android-studio\jbr\bin\server\jvm.dll
0x00007ffe53880000 - 0x00007ffe5392f000 	C:\Windows\System32\ADVAPI32.dll
0x00007ffe53ae0000 - 0x00007ffe53b7c000 	C:\Windows\System32\sechost.dll
0x00007ffe53240000 - 0x00007ffe53366000 	C:\Windows\System32\RPCRT4.dll
0x00007ffe512c0000 - 0x00007ffe5130b000 	C:\Windows\SYSTEM32\POWRPROF.dll
0x00007ffe25da0000 - 0x00007ffe25da9000 	C:\Windows\SYSTEM32\WSOCK32.dll
0x00007ffe53a70000 - 0x00007ffe53adb000 	C:\Windows\System32\WS2_32.dll
0x00007ffe43cd0000 - 0x00007ffe43cf7000 	C:\Windows\SYSTEM32\WINMM.dll
0x00007ffe47a90000 - 0x00007ffe47a9a000 	C:\Windows\SYSTEM32\VERSION.dll
0x00007ffe51170000 - 0x00007ffe51182000 	C:\Windows\SYSTEM32\UMPDC.dll
0x00007ffe507d0000 - 0x00007ffe507e2000 	C:\Windows\SYSTEM32\kernel.appcore.dll
0x00007ffe47260000 - 0x00007ffe4726a000 	D:\Chintan Joshi\android-studio-2023.2.1.14-windows\android-studio\jbr\bin\jimage.dll
0x00007ffe4f910000 - 0x00007ffe4faf4000 	C:\Windows\SYSTEM32\DBGHELP.DLL
0x00007ffe3a9f0000 - 0x00007ffe3aa24000 	C:\Windows\SYSTEM32\dbgcore.DLL
0x00007ffe520f0000 - 0x00007ffe52172000 	C:\Windows\System32\bcryptPrimitives.dll
0x00007ffe47230000 - 0x00007ffe47255000 	D:\Chintan Joshi\android-studio-2023.2.1.14-windows\android-studio\jbr\bin\java.dll

dbghelp: loaded successfully - version: 4.0.5 - missing functions: none
symbol engine: initialized successfully - sym options: 0x614 - pdb path: .;D:\Chintan Joshi\android-studio-2023.2.1.14-windows\android-studio\jbr\bin;C:\Windows\SYSTEM32;C:\Windows\WinSxS\amd64_microsoft.windows.common-controls_6595b64144ccf1df_6.0.19041.3636_none_60b6a03d71f818d5;D:\Chintan Joshi\android-studio-2023.2.1.14-windows\android-studio\jbr\bin\server

VM Arguments:
java_command: org.jetbrains.kotlin.cli.jvm.K2JVMCompiler @D:\Chintan Joshi\Open Git Project\HRVECGData\app\build\20231211_11479569821647381792.compiler.options
java_class_path (initial): C:\Users\medte\.gradle\caches\modules-2\files-2.1\org.jetbrains.kotlin\kotlin-compiler-embeddable\1.9.0\2c8c3a7402becca891f12739b3e9fd2dc2adbd7a\kotlin-compiler-embeddable-1.9.0.jar;C:\Users\medte\.gradle\caches\modules-2\files-2.1\org.jetbrains.kotlin\kotlin-stdlib\1.9.0\8ee15ef0c67dc83d874f412d84378d7f0eb50b63\kotlin-stdlib-1.9.0.jar;C:\Users\medte\.gradle\caches\modules-2\files-2.1\org.jetbrains.kotlin\kotlin-script-runtime\1.9.0\4b3102cbbb7e1b58d9d1adf89563f00069ffa7d1\kotlin-script-runtime-1.9.0.jar;C:\Users\medte\.gradle\caches\modules-2\files-2.1\org.jetbrains.kotlin\kotlin-reflect\1.6.10\1cbe9c92c12a94eea200d23c2bbaedaf3daf5132\kotlin-reflect-1.6.10.jar;C:\Users\medte\.gradle\caches\modules-2\files-2.1\org.jetbrains.kotlin\kotlin-daemon-embeddable\1.9.0\186543f5e28cf8d9a0290fecc2cf34301c40a65c\kotlin-daemon-embeddable-1.9.0.jar;C:\Users\medte\.gradle\caches\modules-2\files-2.1\org.jetbrains.intellij.deps\trove4j\1.0.20200330\3afb14d5f9ceb459d724e907a21145e8ff394f02\trove4j-1.0.20200330.jar;C:\Users\medte\.gradle\caches\modules-2\files-2.1\org.jetbrains.kotlin\kotlin-stdlib-common\1.9.0\cd65c21cfd1eec4d44ef09f9f52b6d9f8a720636\kotlin-stdlib-common-1.9.0.jar;C:\Users\medte\.gradle\caches\modules-2\files-2.1\org.jetbrains\annotations\13.0\919f0dfe192fb4e063e7dacadee7f8bb9a2672a9\annotations-13.0.jar
Launcher Type: SUN_STANDARD

[Global flags]
     intx CICompilerCount                          = 3                                         {product} {ergonomic}
     uint ConcGCThreads                            = 1                                         {product} {ergonomic}
     uint G1ConcRefinementThreads                  = 4                                         {product} {ergonomic}
   size_t G1HeapRegionSize                         = 1048576                                   {product} {ergonomic}
    uintx GCDrainStackTargetSize                   = 64                                        {product} {ergonomic}
   size_t InitialHeapSize                          = 132120576                                 {product} {ergonomic}
   size_t MarkStackSize                            = 4194304                                   {product} {ergonomic}
   size_t MaxHeapSize                              = 2090860544                                {product} {ergonomic}
   size_t MinHeapDeltaBytes                        = 1048576                                   {product} {ergonomic}
   size_t MinHeapSize                              = 8388608                                   {product} {ergonomic}
    uintx NonNMethodCodeHeapSize                   = 5832780                                {pd product} {ergonomic}
    uintx NonProfiledCodeHeapSize                  = 122912730                              {pd product} {ergonomic}
    uintx ProfiledCodeHeapSize                     = 122912730                              {pd product} {ergonomic}
    uintx ReservedCodeCacheSize                    = 251658240                              {pd product} {ergonomic}
     bool SegmentedCodeCache                       = true                                      {product} {ergonomic}
   size_t SoftMaxHeapSize                          = 2090860544                             {manageable} {ergonomic}
     bool UseCompressedClassPointers               = true                           {product lp64_product} {ergonomic}
     bool UseCompressedOops                        = true                           {product lp64_product} {ergonomic}
     bool UseG1GC                                  = true                                      {product} {ergonomic}
     bool UseLargePagesIndividualAllocation        = false                                  {pd product} {ergonomic}

Logging:
Log output configuration:
 #0: stdout all=warning uptime,level,tags
 #1: stderr all=off uptime,level,tags

Environment Variables:
JAVA_HOME=C:\Program Files\Java\jdk-19
PATH=C:\Program Files\Microsoft\jdk-11.0.16.101-hotspot\bin;C:\Python311\Scripts\;C:\Python311\;C:\Program Files\Java\jdk-19\bin;C:\Program Files\Common Files\Oracle\Java\javapath;C:\Windows\system32;C:\Windows;C:\Windows\System32\Wbem;C:\Windows\System32\WindowsPowerShell\v1.0\;C:\Windows\System32\OpenSSH\;C:\Program Files\Git\cmd;C:\Program Files\Docker\Docker\resources\bin;C:\Program Files\nodejs\;C:\ProgramData\chocolatey\bin;C:\Program Files\Microsoft SQL Server\150\Tools\Binn\;C:\Program Files\Microsoft SQL Server\Client SDK\ODBC\170\Tools\Binn\;C:\Program Files\dotnet\;D:\SDK\platform-tools;C:\Users\medte\AppData\Local\Programs\Python\Python37-32\Scripts\;C:\Users\medte\AppData\Local\Programs\Python\Python37-32\;C:\Users\medte\AppData\Local\Microsoft\WindowsApps;C:\Users\medte\AppData\Local\Programs\Microsoft VS Code\bin;C:\Users\medte\AppData\Local\GitHubDesktop\bin;C:\Users\medte\AppData\Local\JetBrains\Toolbox\scripts;C:\Users\medte\AppData\Roaming\npm;D:\Chintan Joshi\flutter\bin;C:\Users\medte\.dotnet\tools;D:\Dart SDK\dart-sdk\bin;C:\Users\medte\AppData\Roaming\Pub\Cache\bin;C:\Program Files (x86)\Nmap
USERNAME=medte
OS=Windows_NT
PROCESSOR_IDENTIFIER=Intel64 Family 6 Model 140 Stepping 1, GenuineIntel
TMP=C:\Users\medte\AppData\Local\Temp
TEMP=C:\Users\medte\AppData\Local\Temp



Periodic native trim disabled

JNI global refs:
JNI global refs: 0, weak refs: 0

JNI global refs memory usage: 0, weak refs: 0

OOME stack traces (most recent first):
Classloader memory used:


---------------  S Y S T E M  ---------------

OS:
 Windows 10 , 64 bit Build 19041 (10.0.19041.3636)
OS uptime: 6 days 23:33 hours
Hyper-V role detected

CPU: total 4 (initial active 4) (2 cores per cpu, 2 threads per core) family 6 model 140 stepping 1 microcode 0x86, cx8, cmov, fxsr, ht, mmx, 3dnowpref, sse, sse2, sse3, ssse3, sse4.1, sse4.2, popcnt, lzcnt, tsc, tscinvbit, avx, avx2, aes, erms, clmul, bmi1, bmi2, adx, avx512f, avx512dq, avx512cd, avx512bw, avx512vl, sha, fma, vzeroupper, avx512_vpopcntdq, avx512_vpclmulqdq, avx512_vaes, avx512_vnni, clflush, clflushopt, clwb, avx512_vbmi2, avx512_vbmi, hv
Processor Information for all 4 processors :
  Max Mhz: 2995, Current Mhz: 2995, Mhz Limit: 2995

Memory: 4k page, system-wide physical 7975M (377M free)
TotalPageFile size 25448M (AvailPageFile size 66M)
current process WorkingSet (physical memory assigned to process): 10M, peak: 10M
current process commit charge ("private bytes"): 51M, peak: 177M

vm_info: OpenJDK 64-Bit Server VM (17.0.9+0--11084592) for windows-amd64 JRE (17.0.9+0--11084592), built on Nov 10 2023 21:57:51 by "androidbuild" with MS VC++ 16.10 / 16.11 (VS2019)

END.
