#
# There is insufficient memory for the Java Runtime Environment to continue.
# Native memory allocation (malloc) failed to allocate 728832 bytes for Chunk::new
# Possible reasons:
#   The system is out of physical RAM or swap space
#   The process is running with CompressedOops enabled, and the Java Heap may be blocking the growth of the native heap
# Possible solutions:
#   Reduce memory load on the system
#   Increase physical memory or swap space
#   Check if swap backing store is full
#   Decrease Java heap size (-Xmx/-Xms)
#   Decrease number of Java threads
#   Decrease Java thread stack sizes (-Xss)
#   Set larger code cache with -XX:ReservedCodeCacheSize=
#   JVM is running with Unscaled Compressed Oops mode in which the Java heap is
#     placed in the first 4GB address space. The Java Heap base address is the
#     maximum limit for the native heap growth. Please use -XX:HeapBaseMinAddress
#     to set the Java Heap base and to place the Java Heap above 4GB virtual address.
# This output file may be truncated or incomplete.
#
#  Out of Memory Error (arena.cpp:184), pid=19752, tid=2692
#
# JRE version: Java(TM) SE Runtime Environment (19.0.1+10) (build 19.0.1+10-21)
# Java VM: Java HotSpot(TM) 64-Bit Server VM (19.0.1+10-21, mixed mode, sharing, tiered, compressed oops, compressed class ptrs, g1 gc, windows-amd64)
# No core dump will be written. Minidumps are not enabled by default on client versions of Windows
#

---------------  S U M M A R Y ------------

Command Line: --add-opens=java.base/java.util=ALL-UNNAMED --add-opens=java.base/java.lang=ALL-UNNAMED --add-opens=java.base/java.lang.invoke=ALL-UNNAMED --add-opens=java.prefs/java.util.prefs=ALL-UNNAMED --add-opens=java.base/java.nio.charset=ALL-UNNAMED --add-opens=java.base/java.net=ALL-UNNAMED --add-opens=java.base/java.util.concurrent.atomic=ALL-UNNAMED -Xmx2048m -Dfile.encoding=UTF-8 -Duser.country=IN -Duser.language=en -Duser.variant -javaagent:C:\Users\medte\.gradle\wrapper\dists\gradle-8.4-bin\1w5dpkrfk8irigvoxmyhowfim\gradle-8.4\lib\agents\gradle-instrumentation-agent-8.4.jar org.gradle.launcher.daemon.bootstrap.GradleDaemon 8.4

Host: 11th Gen Intel(R) Core(TM) i3-1115G4 @ 3.00GHz, 4 cores, 7G,  Windows 10 , 64 bit Build 19041 (10.0.19041.3636)
Time: Thu Jan 11 14:43:33 2024 India Standard Time elapsed time: 17.157820 seconds (0d 0h 0m 17s)

---------------  T H R E A D  ---------------

Current thread (0x000001fcfc7a5410):  JavaThread "C2 CompilerThread0" daemon [_thread_in_native, id=2692, stack(0x000000e7eeb00000,0x000000e7eec00000)]


Current CompileTask:
C2:  17158 8249   !   4       java.net.URLClassLoader::defineClass (224 bytes)

Stack: [0x000000e7eeb00000,0x000000e7eec00000]
Native frames: (J=compiled Java code, j=interpreted, Vv=VM code, C=native code)
V  [jvm.dll+0x6ee8fa]
V  [jvm.dll+0x857a1e]
V  [jvm.dll+0x85940e]
V  [jvm.dll+0x859ac3]
V  [jvm.dll+0x28291f]
V  [jvm.dll+0xc9b5f]
V  [jvm.dll+0xc9ee5]
V  [jvm.dll+0x3bcbac]
V  [jvm.dll+0x1ee31a]
V  [jvm.dll+0x24c41b]
V  [jvm.dll+0x24b671]
V  [jvm.dll+0x1d6d61]
V  [jvm.dll+0x25b0fa]
V  [jvm.dll+0x259588]
V  [jvm.dll+0x807928]
V  [jvm.dll+0x8015fa]
V  [jvm.dll+0x6ed5eb]
C  [ucrtbase.dll+0x21bb2]
C  [KERNEL32.DLL+0x17344]
C  [ntdll.dll+0x526b1]


---------------  P R O C E S S  ---------------

Threads class SMR info:
_java_thread_list=0x000001fc844b0ac0, length=44, elements={
0x000001fcde73fbf0, 0x000001fcfc7992a0, 0x000001fcfc79b9e0, 0x000001fcfc7a08d0,
0x000001fcfc7a3210, 0x000001fcfc7a3b40, 0x000001fcfc7a4610, 0x000001fcfc7a5410,
0x000001fcfc7a9950, 0x000001fcfc7ddb70, 0x000001fcfc76f240, 0x000001fcfcacc270,
0x000001fcfe315eb0, 0x000001fcfe5127c0, 0x000001fcfe54f420, 0x000001fcfe566e00,
0x000001fcfe3ed490, 0x000001fcfe404510, 0x000001fcfe403ab0, 0x000001fcfe583fb0,
0x000001fcfe586a30, 0x000001fcfe586f80, 0x000001fcfe584500, 0x000001fcfe584a50,
0x000001fcfe585f90, 0x000001fcfe584fa0, 0x000001fcfe5854f0, 0x000001fcfe585a40,
0x000001fcfe5864e0, 0x000001fcff176540, 0x000001fcff173020, 0x000001fcff171ae0,
0x000001fcff172ad0, 0x000001fcff176a90, 0x000001fcff173570, 0x000001fcff174560,
0x000001fcff170af0, 0x000001fcff16f060, 0x000001fcff16f5b0, 0x000001fcff173ac0,
0x000001fcff174010, 0x000001fcff174ab0, 0x000001fcff170050, 0x000001fcff0c6550
}

Java Threads: ( => current thread )
  0x000001fcde73fbf0 JavaThread "main" [_thread_blocked, id=20712, stack(0x000000e7ede00000,0x000000e7edf00000)]
  0x000001fcfc7992a0 JavaThread "Reference Handler" daemon [_thread_blocked, id=13012, stack(0x000000e7ee500000,0x000000e7ee600000)]
  0x000001fcfc79b9e0 JavaThread "Finalizer" daemon [_thread_blocked, id=13388, stack(0x000000e7ee600000,0x000000e7ee700000)]
  0x000001fcfc7a08d0 JavaThread "Signal Dispatcher" daemon [_thread_blocked, id=5016, stack(0x000000e7ee700000,0x000000e7ee800000)]
  0x000001fcfc7a3210 JavaThread "Attach Listener" daemon [_thread_blocked, id=15008, stack(0x000000e7ee800000,0x000000e7ee900000)]
  0x000001fcfc7a3b40 JavaThread "Service Thread" daemon [_thread_blocked, id=13300, stack(0x000000e7ee900000,0x000000e7eea00000)]
  0x000001fcfc7a4610 JavaThread "Monitor Deflation Thread" daemon [_thread_blocked, id=19944, stack(0x000000e7eea00000,0x000000e7eeb00000)]
=>0x000001fcfc7a5410 JavaThread "C2 CompilerThread0" daemon [_thread_in_native, id=2692, stack(0x000000e7eeb00000,0x000000e7eec00000)]
  0x000001fcfc7a9950 JavaThread "C1 CompilerThread0" daemon [_thread_blocked, id=2572, stack(0x000000e7eec00000,0x000000e7eed00000)]
  0x000001fcfc7ddb70 JavaThread "Sweeper thread" daemon [_thread_blocked, id=7968, stack(0x000000e7eed00000,0x000000e7eee00000)]
  0x000001fcfc76f240 JavaThread "Common-Cleaner" daemon [_thread_blocked, id=20528, stack(0x000000e7eee00000,0x000000e7eef00000)]
  0x000001fcfcacc270 JavaThread "Notification Thread" daemon [_thread_blocked, id=32, stack(0x000000e7eef00000,0x000000e7ef000000)]
  0x000001fcfe315eb0 JavaThread "Daemon health stats" [_thread_blocked, id=3360, stack(0x000000e7ef400000,0x000000e7ef500000)]
  0x000001fcfe5127c0 JavaThread "Incoming local TCP Connector on port 32882" [_thread_in_native, id=7432, stack(0x000000e7ef500000,0x000000e7ef600000)]
  0x000001fcfe54f420 JavaThread "Daemon periodic checks" [_thread_blocked, id=20808, stack(0x000000e7ef600000,0x000000e7ef700000)]
  0x000001fcfe566e00 JavaThread "Daemon" [_thread_blocked, id=7184, stack(0x000000e7ef700000,0x000000e7ef800000)]
  0x000001fcfe3ed490 JavaThread "Handler for socket connection from /127.0.0.1:32882 to /127.0.0.1:32883" [_thread_in_native, id=18792, stack(0x000000e7ef800000,0x000000e7ef900000)]
  0x000001fcfe404510 JavaThread "Cancel handler" [_thread_blocked, id=21136, stack(0x000000e7ef900000,0x000000e7efa00000)]
  0x000001fcfe403ab0 JavaThread "Daemon worker" [_thread_in_vm, id=21216, stack(0x000000e7efa00000,0x000000e7efb00000)]
  0x000001fcfe583fb0 JavaThread "Asynchronous log dispatcher for DefaultDaemonConnection: socket connection from /127.0.0.1:32882 to /127.0.0.1:32883" [_thread_blocked, id=19180, stack(0x000000e7efb00000,0x000000e7efc00000)]
  0x000001fcfe586a30 JavaThread "Stdin handler" [_thread_blocked, id=21196, stack(0x000000e7efc00000,0x000000e7efd00000)]
  0x000001fcfe586f80 JavaThread "Daemon client event forwarder" [_thread_blocked, id=21028, stack(0x000000e7efd00000,0x000000e7efe00000)]
  0x000001fcfe584500 JavaThread "Cache worker for journal cache (C:\Users\medte\.gradle\caches\journal-1)" [_thread_blocked, id=21096, stack(0x000000e7efe00000,0x000000e7eff00000)]
  0x000001fcfe584a50 JavaThread "File lock request listener" [_thread_in_native, id=11740, stack(0x000000e7eff00000,0x000000e7f0000000)]
  0x000001fcfe585f90 JavaThread "Cache worker for file hash cache (C:\Users\medte\.gradle\caches\8.4\fileHashes)" [_thread_blocked, id=3576, stack(0x000000e7f0000000,0x000000e7f0100000)]
  0x000001fcfe584fa0 JavaThread "File watcher server" daemon [_thread_in_native, id=20796, stack(0x000000e7f0100000,0x000000e7f0200000)]
  0x000001fcfe5854f0 JavaThread "File watcher consumer" daemon [_thread_blocked, id=12260, stack(0x000000e7f0200000,0x000000e7f0300000)]
  0x000001fcfe585a40 JavaThread "Cache worker for checksums cache (D:\Chintan Joshi\Open Git Project\HRVECGData\.gradle\8.4\checksums)" [_thread_blocked, id=20656, stack(0x000000e7f0300000,0x000000e7f0400000)]
  0x000001fcfe5864e0 JavaThread "Cache worker for file hash cache (D:\Chintan Joshi\Open Git Project\HRVECGData\.gradle\8.4\fileHashes)" [_thread_blocked, id=17392, stack(0x000000e7f0400000,0x000000e7f0500000)]
  0x000001fcff176540 JavaThread "Cache worker for cache directory md-supplier (C:\Users\medte\.gradle\caches\8.4\md-supplier)" [_thread_blocked, id=20576, stack(0x000000e7f0600000,0x000000e7f0700000)]
  0x000001fcff173020 JavaThread "Cache worker for file content cache (C:\Users\medte\.gradle\caches\8.4\fileContent)" [_thread_blocked, id=5224, stack(0x000000e7f0700000,0x000000e7f0800000)]
  0x000001fcff171ae0 JavaThread "Cache worker for cache directory md-rule (C:\Users\medte\.gradle\caches\8.4\md-rule)" [_thread_blocked, id=8016, stack(0x000000e7f0800000,0x000000e7f0900000)]
  0x000001fcff172ad0 JavaThread "Cache worker for execution history cache (C:\Users\medte\.gradle\caches\8.4\executionHistory)" [_thread_blocked, id=20104, stack(0x000000e7f0900000,0x000000e7f0a00000)]
  0x000001fcff176a90 JavaThread "Cache worker for kotlin-dsl (C:\Users\medte\.gradle\caches\8.4\kotlin-dsl)" [_thread_blocked, id=3744, stack(0x000000e7f0a00000,0x000000e7f0b00000)]
  0x000001fcff173570 JavaThread "jar transforms" [_thread_blocked, id=4388, stack(0x000000e7f0b00000,0x000000e7f0c00000)]
  0x000001fcff174560 JavaThread "jar transforms Thread 2" [_thread_blocked, id=20628, stack(0x000000e7f0c00000,0x000000e7f0d00000)]
  0x000001fcff170af0 JavaThread "jar transforms Thread 3" [_thread_blocked, id=20932, stack(0x000000e7f0d00000,0x000000e7f0e00000)]
  0x000001fcff16f060 JavaThread "jar transforms Thread 4" [_thread_blocked, id=20640, stack(0x000000e7f0e00000,0x000000e7f0f00000)]
  0x000001fcff16f5b0 JavaThread "Cache worker for dependencies-accessors (D:\Chintan Joshi\Open Git Project\HRVECGData\.gradle\8.4\dependencies-accessors)" [_thread_blocked, id=8460, stack(0x000000e7f0f00000,0x000000e7f1000000)]
  0x000001fcff173ac0 JavaThread "Cache worker for Build Output Cleanup Cache (D:\Chintan Joshi\Open Git Project\HRVECGData\.gradle\buildOutputCleanup)" [_thread_blocked, id=11764, stack(0x000000e7f1000000,0x000000e7f1100000)]
  0x000001fcff174010 JavaThread "Unconstrained build operations" [_thread_blocked, id=2916, stack(0x000000e7f1100000,0x000000e7f1200000)]
  0x000001fcff174ab0 JavaThread "Unconstrained build operations Thread 2" [_thread_blocked, id=21140, stack(0x000000e7f1200000,0x000000e7f1300000)]
  0x000001fcff170050 JavaThread "Unconstrained build operations Thread 3" [_thread_blocked, id=16620, stack(0x000000e7f1300000,0x000000e7f1400000)]
  0x000001fcff0c6550 JavaThread "C2 CompilerThread1" daemon [_thread_blocked, id=20240, stack(0x000000e7f0500000,0x000000e7f0600000)]

Other Threads:
  0x000001fcfc77f960 VMThread "VM Thread" [stack: 0x000000e7ee400000,0x000000e7ee500000] [id=21308]
  0x000001fcde740c10 WatcherThread "VM Periodic Task Thread" [stack: 0x000000e7ef000000,0x000000e7ef100000] [id=18004]
  0x000001fcde79e8b0 WorkerThread "GC Thread#0" [stack: 0x000000e7edf00000,0x000000e7ee000000] [id=10168]
  0x000001fcfcb1deb0 WorkerThread "GC Thread#1" [stack: 0x000000e7ef100000,0x000000e7ef200000] [id=12968]
  0x000001fcfcc71d40 WorkerThread "GC Thread#2" [stack: 0x000000e7ef200000,0x000000e7ef300000] [id=13484]
  0x000001fcfcb8d3f0 WorkerThread "GC Thread#3" [stack: 0x000000e7ef300000,0x000000e7ef400000] [id=17516]
  0x000001fcde7b0730 ConcurrentGCThread "G1 Main Marker" [stack: 0x000000e7ee000000,0x000000e7ee100000] [id=16772]
  0x000001fcde7b19b0 WorkerThread "G1 Conc#0" [stack: 0x000000e7ee100000,0x000000e7ee200000] [id=20852]
  0x000001fcde80e680 ConcurrentGCThread "G1 Refine#0" [stack: 0x000000e7ee200000,0x000000e7ee300000] [id=20620]
  0x000001fcfc63bf00 ConcurrentGCThread "G1 Service" [stack: 0x000000e7ee300000,0x000000e7ee400000] [id=1568]

Threads with active compile tasks:
C2 CompilerThread0    17192 8249   !   4       java.net.URLClassLoader::defineClass (224 bytes)

VM state: not at safepoint (normal execution)

VM Mutex/Monitor currently owned by a thread: None

Heap address: 0x0000000080000000, size: 2048 MB, Compressed Oops mode: 32-bit

CDS archive(s) mapped at: [0x0000000800000000-0x0000000800c40000-0x0000000800c40000), size 12845056, SharedBaseAddress: 0x0000000800000000, ArchiveRelocationMode: 0.
Compressed class space mapped at: 0x0000000801000000-0x0000000841000000, reserved size: 1073741824
Narrow klass base: 0x0000000800000000, Narrow klass shift: 0, Narrow klass range: 0x100000000

GC Precious Log:
 CardTable entry size: 512
 Card Set container configuration: InlinePtr #cards 5 size 8 Array Of Cards #cards 12 size 40 Howl #buckets 4 coarsen threshold 1843 Howl Bitmap #cards 512 size 80 coarsen threshold 460 Card regions per heap region 1 cards per card region 2048
 CPUs: 4 total, 4 available
 Memory: 7975M
 Large Page Support: Disabled
 NUMA Support: Disabled
 Compressed Oops: Enabled (32-bit)
 Heap Region Size: 1M
 Heap Min Capacity: 8M
 Heap Initial Capacity: 126M
 Heap Max Capacity: 2G
 Pre-touch: Disabled
 Parallel Workers: 4
 Concurrent Workers: 1
 Concurrent Refinement Workers: 4
 Periodic GC: Disabled

Heap:
 garbage-first heap   total 335872K, used 162572K [0x0000000080000000, 0x0000000100000000)
  region size 1024K, 61 young (62464K), 3 survivors (3072K)
 Metaspace       used 84980K, committed 87040K, reserved 1179648K
  class space    used 11413K, committed 12480K, reserved 1048576K

Heap Regions: E=young(eden), S=young(survivor), O=old, HS=humongous(starts), HC=humongous(continues), CS=collection set, F=free, OA=open archive, CA=closed archive, TAMS=top-at-mark-start (previous, next)
|   0|0x0000000080000000, 0x0000000080100000, 0x0000000080100000|100%| O|  |TAMS 0x0000000080100000, 0x0000000080000000| Untracked 
|   1|0x0000000080100000, 0x0000000080200000, 0x0000000080200000|100%| O|  |TAMS 0x0000000080200000, 0x0000000080100000| Untracked 
|   2|0x0000000080200000, 0x0000000080300000, 0x0000000080300000|100%|HS|  |TAMS 0x0000000080300000, 0x0000000080200000| Complete 
|   3|0x0000000080300000, 0x0000000080400000, 0x0000000080400000|100%|HC|  |TAMS 0x0000000080400000, 0x0000000080300000| Complete 
|   4|0x0000000080400000, 0x0000000080500000, 0x0000000080500000|100%|HC|  |TAMS 0x0000000080500000, 0x0000000080400000| Complete 
|   5|0x0000000080500000, 0x0000000080600000, 0x0000000080600000|100%|HC|  |TAMS 0x0000000080600000, 0x0000000080500000| Complete 
|   6|0x0000000080600000, 0x0000000080700000, 0x0000000080700000|100%| O|  |TAMS 0x0000000080700000, 0x0000000080600000| Untracked 
|   7|0x0000000080700000, 0x0000000080800000, 0x0000000080800000|100%| O|  |TAMS 0x0000000080800000, 0x0000000080700000| Untracked 
|   8|0x0000000080800000, 0x0000000080900000, 0x0000000080900000|100%| O|  |TAMS 0x0000000080900000, 0x0000000080800000| Untracked 
|   9|0x0000000080900000, 0x0000000080a00000, 0x0000000080a00000|100%| O|  |TAMS 0x0000000080a00000, 0x0000000080900000| Untracked 
|  10|0x0000000080a00000, 0x0000000080b00000, 0x0000000080b00000|100%| O|  |TAMS 0x0000000080b00000, 0x0000000080a00000| Untracked 
|  11|0x0000000080b00000, 0x0000000080c00000, 0x0000000080c00000|100%| O|  |TAMS 0x0000000080c00000, 0x0000000080b00000| Untracked 
|  12|0x0000000080c00000, 0x0000000080d00000, 0x0000000080d00000|100%| O|  |TAMS 0x0000000080d00000, 0x0000000080c00000| Untracked 
|  13|0x0000000080d00000, 0x0000000080e00000, 0x0000000080e00000|100%| O|  |TAMS 0x0000000080e00000, 0x0000000080d00000| Untracked 
|  14|0x0000000080e00000, 0x0000000080f00000, 0x0000000080f00000|100%| O|  |TAMS 0x0000000080f00000, 0x0000000080e00000| Untracked 
|  15|0x0000000080f00000, 0x0000000081000000, 0x0000000081000000|100%| O|  |TAMS 0x0000000081000000, 0x0000000080f00000| Untracked 
|  16|0x0000000081000000, 0x0000000081100000, 0x0000000081100000|100%| O|  |TAMS 0x0000000081100000, 0x0000000081000000| Untracked 
|  17|0x0000000081100000, 0x0000000081200000, 0x0000000081200000|100%| O|  |TAMS 0x0000000081200000, 0x0000000081100000| Untracked 
|  18|0x0000000081200000, 0x0000000081300000, 0x0000000081300000|100%| O|  |TAMS 0x0000000081300000, 0x0000000081200000| Untracked 
|  19|0x0000000081300000, 0x00000000813fb800, 0x0000000081400000| 98%| O|  |TAMS 0x00000000813fb800, 0x0000000081300000| Untracked 
|  20|0x0000000081400000, 0x0000000081500000, 0x0000000081500000|100%| O|  |TAMS 0x0000000081500000, 0x0000000081400000| Untracked 
|  21|0x0000000081500000, 0x0000000081600000, 0x0000000081600000|100%| O|  |TAMS 0x0000000081600000, 0x0000000081500000| Untracked 
|  22|0x0000000081600000, 0x0000000081700000, 0x0000000081700000|100%| O|  |TAMS 0x0000000081700000, 0x0000000081600000| Untracked 
|  23|0x0000000081700000, 0x0000000081800000, 0x0000000081800000|100%| O|  |TAMS 0x0000000081800000, 0x0000000081700000| Untracked 
|  24|0x0000000081800000, 0x0000000081900000, 0x0000000081900000|100%| O|  |TAMS 0x0000000081900000, 0x0000000081800000| Untracked 
|  25|0x0000000081900000, 0x0000000081a00000, 0x0000000081a00000|100%| O|  |TAMS 0x0000000081a00000, 0x0000000081900000| Untracked 
|  26|0x0000000081a00000, 0x0000000081b00000, 0x0000000081b00000|100%| O|  |TAMS 0x0000000081b00000, 0x0000000081a00000| Untracked 
|  27|0x0000000081b00000, 0x0000000081c00000, 0x0000000081c00000|100%| O|  |TAMS 0x0000000081c00000, 0x0000000081b00000| Untracked 
|  28|0x0000000081c00000, 0x0000000081d00000, 0x0000000081d00000|100%| O|  |TAMS 0x0000000081d00000, 0x0000000081c00000| Untracked 
|  29|0x0000000081d00000, 0x0000000081e00000, 0x0000000081e00000|100%| O|  |TAMS 0x0000000081e00000, 0x0000000081d00000| Untracked 
|  30|0x0000000081e00000, 0x0000000081f00000, 0x0000000081f00000|100%| O|  |TAMS 0x0000000081f00000, 0x0000000081e00000| Untracked 
|  31|0x0000000081f00000, 0x0000000082000000, 0x0000000082000000|100%| O|  |TAMS 0x0000000082000000, 0x0000000081f00000| Untracked 
|  32|0x0000000082000000, 0x0000000082100000, 0x0000000082100000|100%| O|  |TAMS 0x0000000082100000, 0x0000000082000000| Untracked 
|  33|0x0000000082100000, 0x0000000082200000, 0x0000000082200000|100%| O|  |TAMS 0x0000000082200000, 0x0000000082100000| Untracked 
|  34|0x0000000082200000, 0x0000000082300000, 0x0000000082300000|100%| O|  |TAMS 0x0000000082300000, 0x0000000082200000| Untracked 
|  35|0x0000000082300000, 0x0000000082400000, 0x0000000082400000|100%| O|  |TAMS 0x0000000082400000, 0x0000000082300000| Untracked 
|  36|0x0000000082400000, 0x0000000082500000, 0x0000000082500000|100%| O|  |TAMS 0x0000000082500000, 0x0000000082400000| Untracked 
|  37|0x0000000082500000, 0x0000000082600000, 0x0000000082600000|100%| O|  |TAMS 0x0000000082514200, 0x0000000082500000| Untracked 
|  38|0x0000000082600000, 0x0000000082700000, 0x0000000082700000|100%| O|  |TAMS 0x0000000082600000, 0x0000000082600000| Untracked 
|  39|0x0000000082700000, 0x0000000082800000, 0x0000000082800000|100%| O|  |TAMS 0x0000000082700000, 0x0000000082700000| Untracked 
|  40|0x0000000082800000, 0x0000000082900000, 0x0000000082900000|100%| O|  |TAMS 0x0000000082800000, 0x0000000082800000| Untracked 
|  41|0x0000000082900000, 0x0000000082a00000, 0x0000000082a00000|100%| O|  |TAMS 0x0000000082900000, 0x0000000082900000| Untracked 
|  42|0x0000000082a00000, 0x0000000082b00000, 0x0000000082b00000|100%|HS|  |TAMS 0x0000000082a00000, 0x0000000082a00000| Complete 
|  43|0x0000000082b00000, 0x0000000082c00000, 0x0000000082c00000|100%|HC|  |TAMS 0x0000000082b00000, 0x0000000082b00000| Complete 
|  44|0x0000000082c00000, 0x0000000082d00000, 0x0000000082d00000|100%|HC|  |TAMS 0x0000000082c00000, 0x0000000082c00000| Complete 
|  45|0x0000000082d00000, 0x0000000082e00000, 0x0000000082e00000|100%|HC|  |TAMS 0x0000000082d00000, 0x0000000082d00000| Complete 
|  46|0x0000000082e00000, 0x0000000082f00000, 0x0000000082f00000|100%|HC|  |TAMS 0x0000000082e00000, 0x0000000082e00000| Complete 
|  47|0x0000000082f00000, 0x0000000083000000, 0x0000000083000000|100%|HC|  |TAMS 0x0000000082f00000, 0x0000000082f00000| Complete 
|  48|0x0000000083000000, 0x0000000083100000, 0x0000000083100000|100%|HS|  |TAMS 0x0000000083000000, 0x0000000083000000| Complete 
|  49|0x0000000083100000, 0x0000000083200000, 0x0000000083200000|100%|HS|  |TAMS 0x0000000083100000, 0x0000000083100000| Complete 
|  50|0x0000000083200000, 0x0000000083300000, 0x0000000083300000|100%| O|  |TAMS 0x0000000083200000, 0x0000000083200000| Untracked 
|  51|0x0000000083300000, 0x0000000083400000, 0x0000000083400000|100%| O|  |TAMS 0x0000000083300000, 0x0000000083300000| Untracked 
|  52|0x0000000083400000, 0x0000000083500000, 0x0000000083500000|100%| O|  |TAMS 0x0000000083400000, 0x0000000083400000| Untracked 
|  53|0x0000000083500000, 0x0000000083600000, 0x0000000083600000|100%| O|  |TAMS 0x0000000083500000, 0x0000000083500000| Untracked 
|  54|0x0000000083600000, 0x0000000083700000, 0x0000000083700000|100%| O|  |TAMS 0x0000000083600000, 0x0000000083600000| Untracked 
|  55|0x0000000083700000, 0x0000000083800000, 0x0000000083800000|100%| O|  |TAMS 0x0000000083700000, 0x0000000083700000| Untracked 
|  56|0x0000000083800000, 0x0000000083900000, 0x0000000083900000|100%|HS|  |TAMS 0x0000000083800000, 0x0000000083800000| Complete 
|  57|0x0000000083900000, 0x0000000083a00000, 0x0000000083a00000|100%| O|  |TAMS 0x0000000083900000, 0x0000000083900000| Untracked 
|  58|0x0000000083a00000, 0x0000000083b00000, 0x0000000083b00000|100%| O|  |TAMS 0x0000000083a00000, 0x0000000083a00000| Untracked 
|  59|0x0000000083b00000, 0x0000000083c00000, 0x0000000083c00000|100%| O|  |TAMS 0x0000000083b00000, 0x0000000083b00000| Untracked 
|  60|0x0000000083c00000, 0x0000000083d00000, 0x0000000083d00000|100%|HS|  |TAMS 0x0000000083c00000, 0x0000000083c00000| Complete 
|  61|0x0000000083d00000, 0x0000000083e00000, 0x0000000083e00000|100%|HS|  |TAMS 0x0000000083d00000, 0x0000000083d00000| Complete 
|  62|0x0000000083e00000, 0x0000000083f00000, 0x0000000083f00000|100%|HC|  |TAMS 0x0000000083e00000, 0x0000000083e00000| Complete 
|  63|0x0000000083f00000, 0x0000000084000000, 0x0000000084000000|100%| O|  |TAMS 0x0000000083f00000, 0x0000000083f00000| Untracked 
|  64|0x0000000084000000, 0x0000000084100000, 0x0000000084100000|100%| O|  |TAMS 0x0000000084000000, 0x0000000084000000| Untracked 
|  65|0x0000000084100000, 0x0000000084200000, 0x0000000084200000|100%| O|  |TAMS 0x0000000084100000, 0x0000000084100000| Untracked 
|  66|0x0000000084200000, 0x0000000084300000, 0x0000000084300000|100%| O|  |TAMS 0x0000000084200000, 0x0000000084200000| Untracked 
|  67|0x0000000084300000, 0x0000000084400000, 0x0000000084400000|100%| O|  |TAMS 0x0000000084300000, 0x0000000084300000| Untracked 
|  68|0x0000000084400000, 0x0000000084500000, 0x0000000084500000|100%| O|  |TAMS 0x0000000084400000, 0x0000000084400000| Untracked 
|  69|0x0000000084500000, 0x0000000084600000, 0x0000000084600000|100%| O|  |TAMS 0x0000000084500000, 0x0000000084500000| Untracked 
|  70|0x0000000084600000, 0x0000000084700000, 0x0000000084700000|100%| O|  |TAMS 0x0000000084600000, 0x0000000084600000| Untracked 
|  71|0x0000000084700000, 0x0000000084800000, 0x0000000084800000|100%| O|  |TAMS 0x0000000084700000, 0x0000000084700000| Untracked 
|  72|0x0000000084800000, 0x0000000084900000, 0x0000000084900000|100%| O|  |TAMS 0x0000000084800000, 0x0000000084800000| Untracked 
|  73|0x0000000084900000, 0x0000000084a00000, 0x0000000084a00000|100%| O|  |TAMS 0x0000000084900000, 0x0000000084900000| Untracked 
|  74|0x0000000084a00000, 0x0000000084b00000, 0x0000000084b00000|100%| O|  |TAMS 0x0000000084a00000, 0x0000000084a00000| Untracked 
|  75|0x0000000084b00000, 0x0000000084c00000, 0x0000000084c00000|100%| O|  |TAMS 0x0000000084b00000, 0x0000000084b00000| Untracked 
|  76|0x0000000084c00000, 0x0000000084d00000, 0x0000000084d00000|100%| O|  |TAMS 0x0000000084c00000, 0x0000000084c00000| Untracked 
|  77|0x0000000084d00000, 0x0000000084e00000, 0x0000000084e00000|100%| O|  |TAMS 0x0000000084d00000, 0x0000000084d00000| Untracked 
|  78|0x0000000084e00000, 0x0000000084f00000, 0x0000000084f00000|100%| O|  |TAMS 0x0000000084e00000, 0x0000000084e00000| Untracked 
|  79|0x0000000084f00000, 0x0000000085000000, 0x0000000085000000|100%| O|  |TAMS 0x0000000084f00000, 0x0000000084f00000| Untracked 
|  80|0x0000000085000000, 0x0000000085100000, 0x0000000085100000|100%| O|  |TAMS 0x0000000085000000, 0x0000000085000000| Untracked 
|  81|0x0000000085100000, 0x0000000085200000, 0x0000000085200000|100%|HS|  |TAMS 0x0000000085100000, 0x0000000085100000| Complete 
|  82|0x0000000085200000, 0x0000000085300000, 0x0000000085300000|100%|HC|  |TAMS 0x0000000085200000, 0x0000000085200000| Complete 
|  83|0x0000000085300000, 0x0000000085400000, 0x0000000085400000|100%|HC|  |TAMS 0x0000000085300000, 0x0000000085300000| Complete 
|  84|0x0000000085400000, 0x0000000085500000, 0x0000000085500000|100%|HC|  |TAMS 0x0000000085400000, 0x0000000085400000| Complete 
|  85|0x0000000085500000, 0x0000000085600000, 0x0000000085600000|100%| O|  |TAMS 0x0000000085500000, 0x0000000085500000| Untracked 
|  86|0x0000000085600000, 0x0000000085700000, 0x0000000085700000|100%| O|  |TAMS 0x0000000085600000, 0x0000000085600000| Untracked 
|  87|0x0000000085700000, 0x0000000085800000, 0x0000000085800000|100%| O|  |TAMS 0x0000000085700000, 0x0000000085700000| Untracked 
|  88|0x0000000085800000, 0x0000000085900000, 0x0000000085900000|100%| O|  |TAMS 0x0000000085800000, 0x0000000085800000| Untracked 
|  89|0x0000000085900000, 0x0000000085a00000, 0x0000000085a00000|100%| O|  |TAMS 0x0000000085900000, 0x0000000085900000| Untracked 
|  90|0x0000000085a00000, 0x0000000085b00000, 0x0000000085b00000|100%| O|  |TAMS 0x0000000085a00000, 0x0000000085a00000| Untracked 
|  91|0x0000000085b00000, 0x0000000085c00000, 0x0000000085c00000|100%| O|  |TAMS 0x0000000085b00000, 0x0000000085b00000| Untracked 
|  92|0x0000000085c00000, 0x0000000085d00000, 0x0000000085d00000|100%| O|  |TAMS 0x0000000085c00000, 0x0000000085c00000| Untracked 
|  93|0x0000000085d00000, 0x0000000085e00000, 0x0000000085e00000|100%| O|  |TAMS 0x0000000085d00000, 0x0000000085d00000| Untracked 
|  94|0x0000000085e00000, 0x0000000085f00000, 0x0000000085f00000|100%| O|  |TAMS 0x0000000085e00000, 0x0000000085e00000| Untracked 
|  95|0x0000000085f00000, 0x0000000086000000, 0x0000000086000000|100%| O|  |TAMS 0x0000000085f00000, 0x0000000085f00000| Untracked 
|  96|0x0000000086000000, 0x0000000086100000, 0x0000000086100000|100%| O|  |TAMS 0x0000000086000000, 0x0000000086000000| Untracked 
|  97|0x0000000086100000, 0x0000000086200000, 0x0000000086200000|100%| O|  |TAMS 0x0000000086100000, 0x0000000086100000| Untracked 
|  98|0x0000000086200000, 0x0000000086300000, 0x0000000086300000|100%| O|  |TAMS 0x0000000086200000, 0x0000000086200000| Untracked 
|  99|0x0000000086300000, 0x0000000086300000, 0x0000000086400000|  0%| F|  |TAMS 0x0000000086300000, 0x0000000086300000| Untracked 
| 100|0x0000000086400000, 0x0000000086400000, 0x0000000086500000|  0%| F|  |TAMS 0x0000000086400000, 0x0000000086400000| Untracked 
| 101|0x0000000086500000, 0x0000000086500000, 0x0000000086600000|  0%| F|  |TAMS 0x0000000086500000, 0x0000000086500000| Untracked 
| 102|0x0000000086600000, 0x0000000086600000, 0x0000000086700000|  0%| F|  |TAMS 0x0000000086600000, 0x0000000086600000| Untracked 
| 103|0x0000000086700000, 0x0000000086700000, 0x0000000086800000|  0%| F|  |TAMS 0x0000000086700000, 0x0000000086700000| Untracked 
| 104|0x0000000086800000, 0x0000000086800000, 0x0000000086900000|  0%| F|  |TAMS 0x0000000086800000, 0x0000000086800000| Untracked 
| 105|0x0000000086900000, 0x0000000086900000, 0x0000000086a00000|  0%| F|  |TAMS 0x0000000086900000, 0x0000000086900000| Untracked 
| 106|0x0000000086a00000, 0x0000000086a00000, 0x0000000086b00000|  0%| F|  |TAMS 0x0000000086a00000, 0x0000000086a00000| Untracked 
| 107|0x0000000086b00000, 0x0000000086b00000, 0x0000000086c00000|  0%| F|  |TAMS 0x0000000086b00000, 0x0000000086b00000| Untracked 
| 108|0x0000000086c00000, 0x0000000086c00000, 0x0000000086d00000|  0%| F|  |TAMS 0x0000000086c00000, 0x0000000086c00000| Untracked 
| 109|0x0000000086d00000, 0x0000000086d00000, 0x0000000086e00000|  0%| F|  |TAMS 0x0000000086d00000, 0x0000000086d00000| Untracked 
| 110|0x0000000086e00000, 0x0000000086e00000, 0x0000000086f00000|  0%| F|  |TAMS 0x0000000086e00000, 0x0000000086e00000| Untracked 
| 111|0x0000000086f00000, 0x0000000086f00000, 0x0000000087000000|  0%| F|  |TAMS 0x0000000086f00000, 0x0000000086f00000| Untracked 
| 112|0x0000000087000000, 0x0000000087000000, 0x0000000087100000|  0%| F|  |TAMS 0x0000000087000000, 0x0000000087000000| Untracked 
| 113|0x0000000087100000, 0x0000000087100000, 0x0000000087200000|  0%| F|  |TAMS 0x0000000087100000, 0x0000000087100000| Untracked 
| 114|0x0000000087200000, 0x0000000087200000, 0x0000000087300000|  0%| F|  |TAMS 0x0000000087200000, 0x0000000087200000| Untracked 
| 115|0x0000000087300000, 0x0000000087300000, 0x0000000087400000|  0%| F|  |TAMS 0x0000000087300000, 0x0000000087300000| Untracked 
| 116|0x0000000087400000, 0x0000000087400000, 0x0000000087500000|  0%| F|  |TAMS 0x0000000087400000, 0x0000000087400000| Untracked 
| 117|0x0000000087500000, 0x0000000087500000, 0x0000000087600000|  0%| F|  |TAMS 0x0000000087500000, 0x0000000087500000| Untracked 
| 118|0x0000000087600000, 0x0000000087600000, 0x0000000087700000|  0%| F|  |TAMS 0x0000000087600000, 0x0000000087600000| Untracked 
| 119|0x0000000087700000, 0x0000000087700000, 0x0000000087800000|  0%| F|  |TAMS 0x0000000087700000, 0x0000000087700000| Untracked 
| 120|0x0000000087800000, 0x0000000087800000, 0x0000000087900000|  0%| F|  |TAMS 0x0000000087800000, 0x0000000087800000| Untracked 
| 121|0x0000000087900000, 0x0000000087900000, 0x0000000087a00000|  0%| F|  |TAMS 0x0000000087900000, 0x0000000087900000| Untracked 
| 122|0x0000000087a00000, 0x0000000087a00000, 0x0000000087b00000|  0%| F|  |TAMS 0x0000000087a00000, 0x0000000087a00000| Untracked 
| 123|0x0000000087b00000, 0x0000000087b00000, 0x0000000087c00000|  0%| F|  |TAMS 0x0000000087b00000, 0x0000000087b00000| Untracked 
| 124|0x0000000087c00000, 0x0000000087c00000, 0x0000000087d00000|  0%| F|  |TAMS 0x0000000087c00000, 0x0000000087c00000| Untracked 
| 125|0x0000000087d00000, 0x0000000087d00000, 0x0000000087e00000|  0%| F|  |TAMS 0x0000000087d00000, 0x0000000087d00000| Untracked 
| 126|0x0000000087e00000, 0x0000000087e00000, 0x0000000087f00000|  0%| F|  |TAMS 0x0000000087e00000, 0x0000000087e00000| Untracked 
| 127|0x0000000087f00000, 0x0000000087fc7998, 0x0000000088000000| 77%| S|CS|TAMS 0x0000000087f00000, 0x0000000087f00000| Complete 
| 128|0x0000000088000000, 0x0000000088100000, 0x0000000088100000|100%| S|CS|TAMS 0x0000000088000000, 0x0000000088000000| Complete 
| 129|0x0000000088100000, 0x0000000088200000, 0x0000000088200000|100%| S|CS|TAMS 0x0000000088100000, 0x0000000088100000| Complete 
| 130|0x0000000088200000, 0x0000000088200000, 0x0000000088300000|  0%| F|  |TAMS 0x0000000088200000, 0x0000000088200000| Untracked 
| 131|0x0000000088300000, 0x0000000088300000, 0x0000000088400000|  0%| F|  |TAMS 0x0000000088300000, 0x0000000088300000| Untracked 
| 132|0x0000000088400000, 0x0000000088400000, 0x0000000088500000|  0%| F|  |TAMS 0x0000000088400000, 0x0000000088400000| Untracked 
| 133|0x0000000088500000, 0x0000000088500000, 0x0000000088600000|  0%| F|  |TAMS 0x0000000088500000, 0x0000000088500000| Untracked 
| 134|0x0000000088600000, 0x0000000088600000, 0x0000000088700000|  0%| F|  |TAMS 0x0000000088600000, 0x0000000088600000| Untracked 
| 135|0x0000000088700000, 0x0000000088700000, 0x0000000088800000|  0%| F|  |TAMS 0x0000000088700000, 0x0000000088700000| Untracked 
| 136|0x0000000088800000, 0x0000000088800000, 0x0000000088900000|  0%| F|  |TAMS 0x0000000088800000, 0x0000000088800000| Untracked 
| 137|0x0000000088900000, 0x0000000088900000, 0x0000000088a00000|  0%| F|  |TAMS 0x0000000088900000, 0x0000000088900000| Untracked 
| 138|0x0000000088a00000, 0x0000000088a00000, 0x0000000088b00000|  0%| F|  |TAMS 0x0000000088a00000, 0x0000000088a00000| Untracked 
| 139|0x0000000088b00000, 0x0000000088b00000, 0x0000000088c00000|  0%| F|  |TAMS 0x0000000088b00000, 0x0000000088b00000| Untracked 
| 140|0x0000000088c00000, 0x0000000088c00000, 0x0000000088d00000|  0%| F|  |TAMS 0x0000000088c00000, 0x0000000088c00000| Untracked 
| 141|0x0000000088d00000, 0x0000000088d00000, 0x0000000088e00000|  0%| F|  |TAMS 0x0000000088d00000, 0x0000000088d00000| Untracked 
| 142|0x0000000088e00000, 0x0000000088e00000, 0x0000000088f00000|  0%| F|  |TAMS 0x0000000088e00000, 0x0000000088e00000| Untracked 
| 143|0x0000000088f00000, 0x0000000088f00000, 0x0000000089000000|  0%| F|  |TAMS 0x0000000088f00000, 0x0000000088f00000| Untracked 
| 144|0x0000000089000000, 0x0000000089000000, 0x0000000089100000|  0%| F|  |TAMS 0x0000000089000000, 0x0000000089000000| Untracked 
| 145|0x0000000089100000, 0x0000000089100000, 0x0000000089200000|  0%| F|  |TAMS 0x0000000089100000, 0x0000000089100000| Untracked 
| 146|0x0000000089200000, 0x0000000089200000, 0x0000000089300000|  0%| F|  |TAMS 0x0000000089200000, 0x0000000089200000| Untracked 
| 147|0x0000000089300000, 0x0000000089300000, 0x0000000089400000|  0%| F|  |TAMS 0x0000000089300000, 0x0000000089300000| Untracked 
| 148|0x0000000089400000, 0x0000000089400000, 0x0000000089500000|  0%| F|  |TAMS 0x0000000089400000, 0x0000000089400000| Untracked 
| 149|0x0000000089500000, 0x0000000089500000, 0x0000000089600000|  0%| F|  |TAMS 0x0000000089500000, 0x0000000089500000| Untracked 
| 150|0x0000000089600000, 0x0000000089600000, 0x0000000089700000|  0%| F|  |TAMS 0x0000000089600000, 0x0000000089600000| Untracked 
| 151|0x0000000089700000, 0x0000000089700000, 0x0000000089800000|  0%| F|  |TAMS 0x0000000089700000, 0x0000000089700000| Untracked 
| 152|0x0000000089800000, 0x0000000089800000, 0x0000000089900000|  0%| F|  |TAMS 0x0000000089800000, 0x0000000089800000| Untracked 
| 153|0x0000000089900000, 0x0000000089900000, 0x0000000089a00000|  0%| F|  |TAMS 0x0000000089900000, 0x0000000089900000| Untracked 
| 154|0x0000000089a00000, 0x0000000089a00000, 0x0000000089b00000|  0%| F|  |TAMS 0x0000000089a00000, 0x0000000089a00000| Untracked 
| 155|0x0000000089b00000, 0x0000000089b00000, 0x0000000089c00000|  0%| F|  |TAMS 0x0000000089b00000, 0x0000000089b00000| Untracked 
| 156|0x0000000089c00000, 0x0000000089c00000, 0x0000000089d00000|  0%| F|  |TAMS 0x0000000089c00000, 0x0000000089c00000| Untracked 
| 157|0x0000000089d00000, 0x0000000089d00000, 0x0000000089e00000|  0%| F|  |TAMS 0x0000000089d00000, 0x0000000089d00000| Untracked 
| 158|0x0000000089e00000, 0x0000000089e00000, 0x0000000089f00000|  0%| F|  |TAMS 0x0000000089e00000, 0x0000000089e00000| Untracked 
| 159|0x0000000089f00000, 0x0000000089f00000, 0x000000008a000000|  0%| F|  |TAMS 0x0000000089f00000, 0x0000000089f00000| Untracked 
| 160|0x000000008a000000, 0x000000008a000000, 0x000000008a100000|  0%| F|  |TAMS 0x000000008a000000, 0x000000008a000000| Untracked 
| 161|0x000000008a100000, 0x000000008a100000, 0x000000008a200000|  0%| F|  |TAMS 0x000000008a100000, 0x000000008a100000| Untracked 
| 162|0x000000008a200000, 0x000000008a200000, 0x000000008a300000|  0%| F|  |TAMS 0x000000008a200000, 0x000000008a200000| Untracked 
| 163|0x000000008a300000, 0x000000008a300000, 0x000000008a400000|  0%| F|  |TAMS 0x000000008a300000, 0x000000008a300000| Untracked 
| 164|0x000000008a400000, 0x000000008a400000, 0x000000008a500000|  0%| F|  |TAMS 0x000000008a400000, 0x000000008a400000| Untracked 
| 165|0x000000008a500000, 0x000000008a500000, 0x000000008a600000|  0%| F|  |TAMS 0x000000008a500000, 0x000000008a500000| Untracked 
| 166|0x000000008a600000, 0x000000008a600000, 0x000000008a700000|  0%| F|  |TAMS 0x000000008a600000, 0x000000008a600000| Untracked 
| 167|0x000000008a700000, 0x000000008a700000, 0x000000008a800000|  0%| F|  |TAMS 0x000000008a700000, 0x000000008a700000| Untracked 
| 168|0x000000008a800000, 0x000000008a800000, 0x000000008a900000|  0%| F|  |TAMS 0x000000008a800000, 0x000000008a800000| Untracked 
| 169|0x000000008a900000, 0x000000008a900000, 0x000000008aa00000|  0%| F|  |TAMS 0x000000008a900000, 0x000000008a900000| Untracked 
| 170|0x000000008aa00000, 0x000000008aa00000, 0x000000008ab00000|  0%| F|  |TAMS 0x000000008aa00000, 0x000000008aa00000| Untracked 
| 171|0x000000008ab00000, 0x000000008ab00000, 0x000000008ac00000|  0%| F|  |TAMS 0x000000008ab00000, 0x000000008ab00000| Untracked 
| 172|0x000000008ac00000, 0x000000008ac00000, 0x000000008ad00000|  0%| F|  |TAMS 0x000000008ac00000, 0x000000008ac00000| Untracked 
| 173|0x000000008ad00000, 0x000000008ad00000, 0x000000008ae00000|  0%| F|  |TAMS 0x000000008ad00000, 0x000000008ad00000| Untracked 
| 174|0x000000008ae00000, 0x000000008ae00000, 0x000000008af00000|  0%| F|  |TAMS 0x000000008ae00000, 0x000000008ae00000| Untracked 
| 175|0x000000008af00000, 0x000000008af00000, 0x000000008b000000|  0%| F|  |TAMS 0x000000008af00000, 0x000000008af00000| Untracked 
| 176|0x000000008b000000, 0x000000008b000000, 0x000000008b100000|  0%| F|  |TAMS 0x000000008b000000, 0x000000008b000000| Untracked 
| 177|0x000000008b100000, 0x000000008b100000, 0x000000008b200000|  0%| F|  |TAMS 0x000000008b100000, 0x000000008b100000| Untracked 
| 178|0x000000008b200000, 0x000000008b200000, 0x000000008b300000|  0%| F|  |TAMS 0x000000008b200000, 0x000000008b200000| Untracked 
| 179|0x000000008b300000, 0x000000008b300000, 0x000000008b400000|  0%| F|  |TAMS 0x000000008b300000, 0x000000008b300000| Untracked 
| 180|0x000000008b400000, 0x000000008b400000, 0x000000008b500000|  0%| F|  |TAMS 0x000000008b400000, 0x000000008b400000| Untracked 
| 181|0x000000008b500000, 0x000000008b500000, 0x000000008b600000|  0%| F|  |TAMS 0x000000008b500000, 0x000000008b500000| Untracked 
| 182|0x000000008b600000, 0x000000008b600000, 0x000000008b700000|  0%| F|  |TAMS 0x000000008b600000, 0x000000008b600000| Untracked 
| 183|0x000000008b700000, 0x000000008b700000, 0x000000008b800000|  0%| F|  |TAMS 0x000000008b700000, 0x000000008b700000| Untracked 
| 184|0x000000008b800000, 0x000000008b800000, 0x000000008b900000|  0%| F|  |TAMS 0x000000008b800000, 0x000000008b800000| Untracked 
| 185|0x000000008b900000, 0x000000008b900000, 0x000000008ba00000|  0%| F|  |TAMS 0x000000008b900000, 0x000000008b900000| Untracked 
| 186|0x000000008ba00000, 0x000000008ba00000, 0x000000008bb00000|  0%| F|  |TAMS 0x000000008ba00000, 0x000000008ba00000| Untracked 
| 187|0x000000008bb00000, 0x000000008bb00000, 0x000000008bc00000|  0%| F|  |TAMS 0x000000008bb00000, 0x000000008bb00000| Untracked 
| 188|0x000000008bc00000, 0x000000008bc00000, 0x000000008bd00000|  0%| F|  |TAMS 0x000000008bc00000, 0x000000008bc00000| Untracked 
| 189|0x000000008bd00000, 0x000000008bd00000, 0x000000008be00000|  0%| F|  |TAMS 0x000000008bd00000, 0x000000008bd00000| Untracked 
| 190|0x000000008be00000, 0x000000008be00000, 0x000000008bf00000|  0%| F|  |TAMS 0x000000008be00000, 0x000000008be00000| Untracked 
| 191|0x000000008bf00000, 0x000000008bf00000, 0x000000008c000000|  0%| F|  |TAMS 0x000000008bf00000, 0x000000008bf00000| Untracked 
| 192|0x000000008c000000, 0x000000008c000000, 0x000000008c100000|  0%| F|  |TAMS 0x000000008c000000, 0x000000008c000000| Untracked 
| 193|0x000000008c100000, 0x000000008c100000, 0x000000008c200000|  0%| F|  |TAMS 0x000000008c100000, 0x000000008c100000| Untracked 
| 194|0x000000008c200000, 0x000000008c200000, 0x000000008c300000|  0%| F|  |TAMS 0x000000008c200000, 0x000000008c200000| Untracked 
| 195|0x000000008c300000, 0x000000008c300000, 0x000000008c400000|  0%| F|  |TAMS 0x000000008c300000, 0x000000008c300000| Untracked 
| 196|0x000000008c400000, 0x000000008c400000, 0x000000008c500000|  0%| F|  |TAMS 0x000000008c400000, 0x000000008c400000| Untracked 
| 197|0x000000008c500000, 0x000000008c500000, 0x000000008c600000|  0%| F|  |TAMS 0x000000008c500000, 0x000000008c500000| Untracked 
| 198|0x000000008c600000, 0x000000008c600000, 0x000000008c700000|  0%| F|  |TAMS 0x000000008c600000, 0x000000008c600000| Untracked 
| 199|0x000000008c700000, 0x000000008c700000, 0x000000008c800000|  0%| F|  |TAMS 0x000000008c700000, 0x000000008c700000| Untracked 
| 200|0x000000008c800000, 0x000000008c800000, 0x000000008c900000|  0%| F|  |TAMS 0x000000008c800000, 0x000000008c800000| Untracked 
| 201|0x000000008c900000, 0x000000008c900000, 0x000000008ca00000|  0%| F|  |TAMS 0x000000008c900000, 0x000000008c900000| Untracked 
| 202|0x000000008ca00000, 0x000000008ca00000, 0x000000008cb00000|  0%| F|  |TAMS 0x000000008ca00000, 0x000000008ca00000| Untracked 
| 203|0x000000008cb00000, 0x000000008cb00000, 0x000000008cc00000|  0%| F|  |TAMS 0x000000008cb00000, 0x000000008cb00000| Untracked 
| 204|0x000000008cc00000, 0x000000008cc00000, 0x000000008cd00000|  0%| F|  |TAMS 0x000000008cc00000, 0x000000008cc00000| Untracked 
| 205|0x000000008cd00000, 0x000000008cd00000, 0x000000008ce00000|  0%| F|  |TAMS 0x000000008cd00000, 0x000000008cd00000| Untracked 
| 206|0x000000008ce00000, 0x000000008ce00000, 0x000000008cf00000|  0%| F|  |TAMS 0x000000008ce00000, 0x000000008ce00000| Untracked 
| 207|0x000000008cf00000, 0x000000008cf00000, 0x000000008d000000|  0%| F|  |TAMS 0x000000008cf00000, 0x000000008cf00000| Untracked 
| 208|0x000000008d000000, 0x000000008d000000, 0x000000008d100000|  0%| F|  |TAMS 0x000000008d000000, 0x000000008d000000| Untracked 
| 209|0x000000008d100000, 0x000000008d100000, 0x000000008d200000|  0%| F|  |TAMS 0x000000008d100000, 0x000000008d100000| Untracked 
| 210|0x000000008d200000, 0x000000008d200000, 0x000000008d300000|  0%| F|  |TAMS 0x000000008d200000, 0x000000008d200000| Untracked 
| 211|0x000000008d300000, 0x000000008d300000, 0x000000008d400000|  0%| F|  |TAMS 0x000000008d300000, 0x000000008d300000| Untracked 
| 212|0x000000008d400000, 0x000000008d400000, 0x000000008d500000|  0%| F|  |TAMS 0x000000008d400000, 0x000000008d400000| Untracked 
| 213|0x000000008d500000, 0x000000008d500000, 0x000000008d600000|  0%| F|  |TAMS 0x000000008d500000, 0x000000008d500000| Untracked 
| 214|0x000000008d600000, 0x000000008d600000, 0x000000008d700000|  0%| F|  |TAMS 0x000000008d600000, 0x000000008d600000| Untracked 
| 215|0x000000008d700000, 0x000000008d700000, 0x000000008d800000|  0%| F|  |TAMS 0x000000008d700000, 0x000000008d700000| Untracked 
| 216|0x000000008d800000, 0x000000008d800000, 0x000000008d900000|  0%| F|  |TAMS 0x000000008d800000, 0x000000008d800000| Untracked 
| 217|0x000000008d900000, 0x000000008d900000, 0x000000008da00000|  0%| F|  |TAMS 0x000000008d900000, 0x000000008d900000| Untracked 
| 218|0x000000008da00000, 0x000000008da00000, 0x000000008db00000|  0%| F|  |TAMS 0x000000008da00000, 0x000000008da00000| Untracked 
| 219|0x000000008db00000, 0x000000008db00000, 0x000000008dc00000|  0%| F|  |TAMS 0x000000008db00000, 0x000000008db00000| Untracked 
| 220|0x000000008dc00000, 0x000000008dc00000, 0x000000008dd00000|  0%| F|  |TAMS 0x000000008dc00000, 0x000000008dc00000| Untracked 
| 221|0x000000008dd00000, 0x000000008dd00000, 0x000000008de00000|  0%| F|  |TAMS 0x000000008dd00000, 0x000000008dd00000| Untracked 
| 222|0x000000008de00000, 0x000000008de00000, 0x000000008df00000|  0%| F|  |TAMS 0x000000008de00000, 0x000000008de00000| Untracked 
| 223|0x000000008df00000, 0x000000008df00000, 0x000000008e000000|  0%| F|  |TAMS 0x000000008df00000, 0x000000008df00000| Untracked 
| 224|0x000000008e000000, 0x000000008e000000, 0x000000008e100000|  0%| F|  |TAMS 0x000000008e000000, 0x000000008e000000| Untracked 
| 225|0x000000008e100000, 0x000000008e100000, 0x000000008e200000|  0%| F|  |TAMS 0x000000008e100000, 0x000000008e100000| Untracked 
| 226|0x000000008e200000, 0x000000008e200000, 0x000000008e300000|  0%| F|  |TAMS 0x000000008e200000, 0x000000008e200000| Untracked 
| 227|0x000000008e300000, 0x000000008e300000, 0x000000008e400000|  0%| F|  |TAMS 0x000000008e300000, 0x000000008e300000| Untracked 
| 228|0x000000008e400000, 0x000000008e400000, 0x000000008e500000|  0%| F|  |TAMS 0x000000008e400000, 0x000000008e400000| Untracked 
| 229|0x000000008e500000, 0x000000008e500000, 0x000000008e600000|  0%| F|  |TAMS 0x000000008e500000, 0x000000008e500000| Untracked 
| 230|0x000000008e600000, 0x000000008e600000, 0x000000008e700000|  0%| F|  |TAMS 0x000000008e600000, 0x000000008e600000| Untracked 
| 231|0x000000008e700000, 0x000000008e700000, 0x000000008e800000|  0%| F|  |TAMS 0x000000008e700000, 0x000000008e700000| Untracked 
| 232|0x000000008e800000, 0x000000008e800000, 0x000000008e900000|  0%| F|  |TAMS 0x000000008e800000, 0x000000008e800000| Untracked 
| 233|0x000000008e900000, 0x000000008e900000, 0x000000008ea00000|  0%| F|  |TAMS 0x000000008e900000, 0x000000008e900000| Untracked 
| 234|0x000000008ea00000, 0x000000008ea00000, 0x000000008eb00000|  0%| F|  |TAMS 0x000000008ea00000, 0x000000008ea00000| Untracked 
| 235|0x000000008eb00000, 0x000000008eb00000, 0x000000008ec00000|  0%| F|  |TAMS 0x000000008eb00000, 0x000000008eb00000| Untracked 
| 236|0x000000008ec00000, 0x000000008ec00000, 0x000000008ed00000|  0%| F|  |TAMS 0x000000008ec00000, 0x000000008ec00000| Untracked 
| 237|0x000000008ed00000, 0x000000008ed00000, 0x000000008ee00000|  0%| F|  |TAMS 0x000000008ed00000, 0x000000008ed00000| Untracked 
| 238|0x000000008ee00000, 0x000000008ee00000, 0x000000008ef00000|  0%| F|  |TAMS 0x000000008ee00000, 0x000000008ee00000| Untracked 
| 239|0x000000008ef00000, 0x000000008ef00000, 0x000000008f000000|  0%| F|  |TAMS 0x000000008ef00000, 0x000000008ef00000| Untracked 
| 240|0x000000008f000000, 0x000000008f000000, 0x000000008f100000|  0%| F|  |TAMS 0x000000008f000000, 0x000000008f000000| Untracked 
| 241|0x000000008f100000, 0x000000008f100000, 0x000000008f200000|  0%| F|  |TAMS 0x000000008f100000, 0x000000008f100000| Untracked 
| 242|0x000000008f200000, 0x000000008f200000, 0x000000008f300000|  0%| F|  |TAMS 0x000000008f200000, 0x000000008f200000| Untracked 
| 243|0x000000008f300000, 0x000000008f300000, 0x000000008f400000|  0%| F|  |TAMS 0x000000008f300000, 0x000000008f300000| Untracked 
| 244|0x000000008f400000, 0x000000008f400000, 0x000000008f500000|  0%| F|  |TAMS 0x000000008f400000, 0x000000008f400000| Untracked 
| 245|0x000000008f500000, 0x000000008f500000, 0x000000008f600000|  0%| F|  |TAMS 0x000000008f500000, 0x000000008f500000| Untracked 
| 246|0x000000008f600000, 0x000000008f600000, 0x000000008f700000|  0%| F|  |TAMS 0x000000008f600000, 0x000000008f600000| Untracked 
| 247|0x000000008f700000, 0x000000008f700000, 0x000000008f800000|  0%| F|  |TAMS 0x000000008f700000, 0x000000008f700000| Untracked 
| 248|0x000000008f800000, 0x000000008f800000, 0x000000008f900000|  0%| F|  |TAMS 0x000000008f800000, 0x000000008f800000| Untracked 
| 249|0x000000008f900000, 0x000000008f900000, 0x000000008fa00000|  0%| F|  |TAMS 0x000000008f900000, 0x000000008f900000| Untracked 
| 250|0x000000008fa00000, 0x000000008fa00000, 0x000000008fb00000|  0%| F|  |TAMS 0x000000008fa00000, 0x000000008fa00000| Untracked 
| 251|0x000000008fb00000, 0x000000008fb00000, 0x000000008fc00000|  0%| F|  |TAMS 0x000000008fb00000, 0x000000008fb00000| Untracked 
| 252|0x000000008fc00000, 0x000000008fc00000, 0x000000008fd00000|  0%| F|  |TAMS 0x000000008fc00000, 0x000000008fc00000| Untracked 
| 253|0x000000008fd00000, 0x000000008fd00000, 0x000000008fe00000|  0%| F|  |TAMS 0x000000008fd00000, 0x000000008fd00000| Untracked 
| 254|0x000000008fe00000, 0x000000008fe00000, 0x000000008ff00000|  0%| F|  |TAMS 0x000000008fe00000, 0x000000008fe00000| Untracked 
| 255|0x000000008ff00000, 0x000000008ff00000, 0x0000000090000000|  0%| F|  |TAMS 0x000000008ff00000, 0x000000008ff00000| Untracked 
| 256|0x0000000090000000, 0x0000000090000000, 0x0000000090100000|  0%| F|  |TAMS 0x0000000090000000, 0x0000000090000000| Untracked 
| 257|0x0000000090100000, 0x0000000090100000, 0x0000000090200000|  0%| F|  |TAMS 0x0000000090100000, 0x0000000090100000| Untracked 
| 258|0x0000000090200000, 0x0000000090200000, 0x0000000090300000|  0%| F|  |TAMS 0x0000000090200000, 0x0000000090200000| Untracked 
| 259|0x0000000090300000, 0x0000000090300000, 0x0000000090400000|  0%| F|  |TAMS 0x0000000090300000, 0x0000000090300000| Untracked 
| 260|0x0000000090400000, 0x0000000090400000, 0x0000000090500000|  0%| F|  |TAMS 0x0000000090400000, 0x0000000090400000| Untracked 
| 261|0x0000000090500000, 0x0000000090500000, 0x0000000090600000|  0%| F|  |TAMS 0x0000000090500000, 0x0000000090500000| Untracked 
| 262|0x0000000090600000, 0x0000000090600000, 0x0000000090700000|  0%| F|  |TAMS 0x0000000090600000, 0x0000000090600000| Untracked 
| 263|0x0000000090700000, 0x0000000090700000, 0x0000000090800000|  0%| F|  |TAMS 0x0000000090700000, 0x0000000090700000| Untracked 
| 264|0x0000000090800000, 0x0000000090800000, 0x0000000090900000|  0%| F|  |TAMS 0x0000000090800000, 0x0000000090800000| Untracked 
| 265|0x0000000090900000, 0x0000000090900000, 0x0000000090a00000|  0%| F|  |TAMS 0x0000000090900000, 0x0000000090900000| Untracked 
| 266|0x0000000090a00000, 0x0000000090a00000, 0x0000000090b00000|  0%| F|  |TAMS 0x0000000090a00000, 0x0000000090a00000| Untracked 
| 267|0x0000000090b00000, 0x0000000090b00000, 0x0000000090c00000|  0%| F|  |TAMS 0x0000000090b00000, 0x0000000090b00000| Untracked 
| 268|0x0000000090c00000, 0x0000000090c00000, 0x0000000090d00000|  0%| F|  |TAMS 0x0000000090c00000, 0x0000000090c00000| Untracked 
| 269|0x0000000090d00000, 0x0000000090d00000, 0x0000000090e00000|  0%| F|  |TAMS 0x0000000090d00000, 0x0000000090d00000| Untracked 
| 270|0x0000000090e00000, 0x0000000090f00000, 0x0000000090f00000|100%| E|  |TAMS 0x0000000090e00000, 0x0000000090e00000| Complete 
| 271|0x0000000090f00000, 0x0000000091000000, 0x0000000091000000|100%| E|CS|TAMS 0x0000000090f00000, 0x0000000090f00000| Complete 
| 272|0x0000000091000000, 0x0000000091100000, 0x0000000091100000|100%| E|CS|TAMS 0x0000000091000000, 0x0000000091000000| Complete 
| 273|0x0000000091100000, 0x0000000091200000, 0x0000000091200000|100%| E|CS|TAMS 0x0000000091100000, 0x0000000091100000| Complete 
| 274|0x0000000091200000, 0x0000000091300000, 0x0000000091300000|100%| E|CS|TAMS 0x0000000091200000, 0x0000000091200000| Complete 
| 275|0x0000000091300000, 0x0000000091400000, 0x0000000091400000|100%| E|CS|TAMS 0x0000000091300000, 0x0000000091300000| Complete 
| 276|0x0000000091400000, 0x0000000091500000, 0x0000000091500000|100%| E|CS|TAMS 0x0000000091400000, 0x0000000091400000| Complete 
| 277|0x0000000091500000, 0x0000000091600000, 0x0000000091600000|100%| E|CS|TAMS 0x0000000091500000, 0x0000000091500000| Complete 
| 278|0x0000000091600000, 0x0000000091700000, 0x0000000091700000|100%| E|CS|TAMS 0x0000000091600000, 0x0000000091600000| Complete 
| 279|0x0000000091700000, 0x0000000091800000, 0x0000000091800000|100%| E|CS|TAMS 0x0000000091700000, 0x0000000091700000| Complete 
| 280|0x0000000091800000, 0x0000000091900000, 0x0000000091900000|100%| E|CS|TAMS 0x0000000091800000, 0x0000000091800000| Complete 
| 281|0x0000000091900000, 0x0000000091a00000, 0x0000000091a00000|100%| E|CS|TAMS 0x0000000091900000, 0x0000000091900000| Complete 
| 282|0x0000000091a00000, 0x0000000091b00000, 0x0000000091b00000|100%| E|CS|TAMS 0x0000000091a00000, 0x0000000091a00000| Complete 
| 283|0x0000000091b00000, 0x0000000091c00000, 0x0000000091c00000|100%| E|CS|TAMS 0x0000000091b00000, 0x0000000091b00000| Complete 
| 284|0x0000000091c00000, 0x0000000091d00000, 0x0000000091d00000|100%| E|CS|TAMS 0x0000000091c00000, 0x0000000091c00000| Complete 
| 285|0x0000000091d00000, 0x0000000091e00000, 0x0000000091e00000|100%| E|CS|TAMS 0x0000000091d00000, 0x0000000091d00000| Complete 
| 286|0x0000000091e00000, 0x0000000091f00000, 0x0000000091f00000|100%| E|CS|TAMS 0x0000000091e00000, 0x0000000091e00000| Complete 
| 287|0x0000000091f00000, 0x0000000092000000, 0x0000000092000000|100%| E|CS|TAMS 0x0000000091f00000, 0x0000000091f00000| Complete 
| 288|0x0000000092000000, 0x0000000092100000, 0x0000000092100000|100%| E|CS|TAMS 0x0000000092000000, 0x0000000092000000| Complete 
| 289|0x0000000092100000, 0x0000000092200000, 0x0000000092200000|100%| E|CS|TAMS 0x0000000092100000, 0x0000000092100000| Complete 
| 290|0x0000000092200000, 0x0000000092300000, 0x0000000092300000|100%| E|CS|TAMS 0x0000000092200000, 0x0000000092200000| Complete 
| 291|0x0000000092300000, 0x0000000092400000, 0x0000000092400000|100%| E|CS|TAMS 0x0000000092300000, 0x0000000092300000| Complete 
| 292|0x0000000092400000, 0x0000000092500000, 0x0000000092500000|100%| E|CS|TAMS 0x0000000092400000, 0x0000000092400000| Complete 
| 293|0x0000000092500000, 0x0000000092600000, 0x0000000092600000|100%| E|CS|TAMS 0x0000000092500000, 0x0000000092500000| Complete 
| 294|0x0000000092600000, 0x0000000092700000, 0x0000000092700000|100%| E|CS|TAMS 0x0000000092600000, 0x0000000092600000| Complete 
| 295|0x0000000092700000, 0x0000000092800000, 0x0000000092800000|100%| E|CS|TAMS 0x0000000092700000, 0x0000000092700000| Complete 
| 296|0x0000000092800000, 0x0000000092900000, 0x0000000092900000|100%| E|CS|TAMS 0x0000000092800000, 0x0000000092800000| Complete 
| 297|0x0000000092900000, 0x0000000092a00000, 0x0000000092a00000|100%| E|CS|TAMS 0x0000000092900000, 0x0000000092900000| Complete 
| 298|0x0000000092a00000, 0x0000000092b00000, 0x0000000092b00000|100%| E|CS|TAMS 0x0000000092a00000, 0x0000000092a00000| Complete 
| 299|0x0000000092b00000, 0x0000000092c00000, 0x0000000092c00000|100%| E|CS|TAMS 0x0000000092b00000, 0x0000000092b00000| Complete 
| 300|0x0000000092c00000, 0x0000000092d00000, 0x0000000092d00000|100%| E|CS|TAMS 0x0000000092c00000, 0x0000000092c00000| Complete 
| 301|0x0000000092d00000, 0x0000000092e00000, 0x0000000092e00000|100%| E|CS|TAMS 0x0000000092d00000, 0x0000000092d00000| Complete 
| 302|0x0000000092e00000, 0x0000000092f00000, 0x0000000092f00000|100%| E|CS|TAMS 0x0000000092e00000, 0x0000000092e00000| Complete 
| 303|0x0000000092f00000, 0x0000000093000000, 0x0000000093000000|100%| E|CS|TAMS 0x0000000092f00000, 0x0000000092f00000| Complete 
| 304|0x0000000093000000, 0x0000000093100000, 0x0000000093100000|100%| E|CS|TAMS 0x0000000093000000, 0x0000000093000000| Complete 
| 305|0x0000000093100000, 0x0000000093200000, 0x0000000093200000|100%| E|CS|TAMS 0x0000000093100000, 0x0000000093100000| Complete 
| 306|0x0000000093200000, 0x0000000093300000, 0x0000000093300000|100%| E|CS|TAMS 0x0000000093200000, 0x0000000093200000| Complete 
| 307|0x0000000093300000, 0x0000000093400000, 0x0000000093400000|100%| E|CS|TAMS 0x0000000093300000, 0x0000000093300000| Complete 
| 308|0x0000000093400000, 0x0000000093500000, 0x0000000093500000|100%| E|CS|TAMS 0x0000000093400000, 0x0000000093400000| Complete 
| 309|0x0000000093500000, 0x0000000093600000, 0x0000000093600000|100%| E|CS|TAMS 0x0000000093500000, 0x0000000093500000| Complete 
| 310|0x0000000093600000, 0x0000000093700000, 0x0000000093700000|100%| E|CS|TAMS 0x0000000093600000, 0x0000000093600000| Complete 
| 311|0x0000000093700000, 0x0000000093800000, 0x0000000093800000|100%| E|CS|TAMS 0x0000000093700000, 0x0000000093700000| Complete 
| 312|0x0000000093800000, 0x0000000093900000, 0x0000000093900000|100%| E|CS|TAMS 0x0000000093800000, 0x0000000093800000| Complete 
| 313|0x0000000093900000, 0x0000000093a00000, 0x0000000093a00000|100%| E|CS|TAMS 0x0000000093900000, 0x0000000093900000| Complete 
| 314|0x0000000093a00000, 0x0000000093b00000, 0x0000000093b00000|100%| E|CS|TAMS 0x0000000093a00000, 0x0000000093a00000| Complete 
| 315|0x0000000093b00000, 0x0000000093c00000, 0x0000000093c00000|100%| E|CS|TAMS 0x0000000093b00000, 0x0000000093b00000| Complete 
| 316|0x0000000093c00000, 0x0000000093d00000, 0x0000000093d00000|100%| E|CS|TAMS 0x0000000093c00000, 0x0000000093c00000| Complete 
| 317|0x0000000093d00000, 0x0000000093e00000, 0x0000000093e00000|100%| E|CS|TAMS 0x0000000093d00000, 0x0000000093d00000| Complete 
| 318|0x0000000093e00000, 0x0000000093f00000, 0x0000000093f00000|100%| E|CS|TAMS 0x0000000093e00000, 0x0000000093e00000| Complete 
| 319|0x0000000093f00000, 0x0000000094000000, 0x0000000094000000|100%| E|CS|TAMS 0x0000000093f00000, 0x0000000093f00000| Complete 
| 320|0x0000000094000000, 0x0000000094100000, 0x0000000094100000|100%| E|CS|TAMS 0x0000000094000000, 0x0000000094000000| Complete 
| 321|0x0000000094100000, 0x0000000094200000, 0x0000000094200000|100%| E|CS|TAMS 0x0000000094100000, 0x0000000094100000| Complete 
| 322|0x0000000094200000, 0x0000000094300000, 0x0000000094300000|100%| E|CS|TAMS 0x0000000094200000, 0x0000000094200000| Complete 
| 323|0x0000000094300000, 0x0000000094400000, 0x0000000094400000|100%| E|CS|TAMS 0x0000000094300000, 0x0000000094300000| Complete 
| 324|0x0000000094400000, 0x0000000094500000, 0x0000000094500000|100%| E|CS|TAMS 0x0000000094400000, 0x0000000094400000| Complete 
| 325|0x0000000094500000, 0x0000000094600000, 0x0000000094600000|100%| E|CS|TAMS 0x0000000094500000, 0x0000000094500000| Complete 
| 326|0x0000000094600000, 0x0000000094700000, 0x0000000094700000|100%| E|CS|TAMS 0x0000000094600000, 0x0000000094600000| Complete 
| 327|0x0000000094700000, 0x0000000094800000, 0x0000000094800000|100%| E|CS|TAMS 0x0000000094700000, 0x0000000094700000| Complete 

Card table byte_map: [0x000001fcf5ab0000,0x000001fcf5eb0000] _byte_map_base: 0x000001fcf56b0000

Marking Bits (Prev, Next): (CMBitMap*) 0x000001fcde79fe40, (CMBitMap*) 0x000001fcde79fe00
 Prev Bits: [0x000001fcf82b0000, 0x000001fcfa2b0000)
 Next Bits: [0x000001fcf62b0000, 0x000001fcf82b0000)

Polling page: 0x000001fcdc740000

Metaspace:

Usage:
  Non-class:     71.93 MB used.
      Class:     11.15 MB used.
       Both:     83.08 MB used.

Virtual space:
  Non-class space:      128.00 MB reserved,      72.88 MB ( 57%) committed,  2 nodes.
      Class space:        1.00 GB reserved,      12.19 MB (  1%) committed,  1 nodes.
             Both:        1.12 GB reserved,      85.06 MB (  7%) committed. 

Chunk freelists:
   Non-Class:  3.08 MB
       Class:  3.81 MB
        Both:  6.89 MB

MaxMetaspaceSize: unlimited
CompressedClassSpaceSize: 1.00 GB
Initial GC threshold: 21.00 MB
Current GC threshold: 89.19 MB
CDS: on
MetaspaceReclaimPolicy: balanced
 - commit_granule_bytes: 65536.
 - commit_granule_words: 8192.
 - virtual_space_node_default_size: 8388608.
 - enlarge_chunks_in_place: 1.
 - new_chunks_are_fully_committed: 0.
 - uncommit_free_chunks: 1.
 - use_allocation_guard: 0.


Internal statistics:

num_allocs_failed_limit: 6.
num_arena_births: 3800.
num_arena_deaths: 0.
num_vsnodes_births: 3.
num_vsnodes_deaths: 0.
num_space_committed: 1359.
num_space_uncommitted: 0.
num_chunks_returned_to_freelist: 6.
num_chunks_taken_from_freelist: 7561.
num_chunk_merges: 6.
num_chunk_splits: 5197.
num_chunks_enlarged: 3434.
num_inconsistent_stats: 0.

CodeHeap 'non-profiled nmethods': size=120000Kb used=3946Kb max_used=3946Kb free=116053Kb
 bounds [0x000001fcee180000, 0x000001fcee560000, 0x000001fcf56b0000]
CodeHeap 'profiled nmethods': size=120000Kb used=14134Kb max_used=14134Kb free=105865Kb
 bounds [0x000001fce66b0000, 0x000001fce7480000, 0x000001fcedbe0000]
CodeHeap 'non-nmethods': size=5760Kb used=1823Kb max_used=1843Kb free=3936Kb
 bounds [0x000001fcedbe0000, 0x000001fcede50000, 0x000001fcee180000]
 total_blobs=8232 nmethods=7411 adapters=730
 compilation: enabled
              stopped_count=0, restarted_count=0
 full_count=0

Compilation events (20 events):
Event: 17.046 Thread 0x000001fcfc7a9950 8239   !   3       jdk.internal.jrtfs.JrtFileSystem::lambda$iteratorOf$3 (11 bytes)
Event: 17.046 Thread 0x000001fcfc7a9950 nmethod 8239 0x000001fce746d310 code [0x000001fce746d4c0, 0x000001fce746d6c8]
Event: 17.046 Thread 0x000001fcfc7a9950 8240       3       jdk.internal.jrtfs.JrtDirectoryStream$1::next (5 bytes)
Event: 17.046 Thread 0x000001fcfc7a9950 nmethod 8240 0x000001fce746d810 code [0x000001fce746d9c0, 0x000001fce746db08]
Event: 17.046 Thread 0x000001fcfc7a9950 8241   !   3       jdk.internal.jrtfs.JrtDirectoryStream$1::next (48 bytes)
Event: 17.047 Thread 0x000001fcfc7a9950 nmethod 8241 0x000001fce746db90 code [0x000001fce746dd80, 0x000001fce746e298]
Event: 17.048 Thread 0x000001fcff0c6550 nmethod 8224 0x000001fcee558a90 code [0x000001fcee558c40, 0x000001fcee559328]
Event: 17.060 Thread 0x000001fcfc7a9950 8244       3       org.jetbrains.org.objectweb.asm.ClassReader::accept (1380 bytes)
Event: 17.065 Thread 0x000001fcfc7a9950 nmethod 8244 0x000001fce746e590 code [0x000001fce746f140, 0x000001fce7476618]
Event: 17.079 Thread 0x000001fcfc7a9950 8245       3       org.jetbrains.kotlin.com.intellij.util.text.CharArrayUtil::shiftForward (31 bytes)
Event: 17.080 Thread 0x000001fcfc7a9950 nmethod 8245 0x000001fce7479b90 code [0x000001fce7479d60, 0x000001fce747a038]
Event: 17.080 Thread 0x000001fcfc7a9950 8246       3       org.jetbrains.kotlin.com.intellij.util.text.CharArrayUtil::shiftForward (102 bytes)
Event: 17.080 Thread 0x000001fcfc7a9950 nmethod 8246 0x000001fce747a190 code [0x000001fce747a420, 0x000001fce747b118]
Event: 17.080 Thread 0x000001fcfc7a9950 8247       3       org.jetbrains.kotlin.com.intellij.openapi.vfs.VirtualFile::findFileByRelativePath (145 bytes)
Event: 17.081 Thread 0x000001fcfc7a9950 nmethod 8247 0x000001fce747b610 code [0x000001fce747b920, 0x000001fce747c838]
Event: 17.082 Thread 0x000001fcff0c6550 8248       4       jdk.internal.loader.BuiltinClassLoader::findLoadedModule (33 bytes)
Event: 17.086 Thread 0x000001fcfc7a5410 8249   !   4       java.net.URLClassLoader::defineClass (224 bytes)
Event: 17.087 Thread 0x000001fcfc7a9950 8250       3       org.jetbrains.kotlin.com.intellij.openapi.util.UserDataHolderBase::getUserData (45 bytes)
Event: 17.088 Thread 0x000001fcfc7a9950 nmethod 8250 0x000001fce747ce90 code [0x000001fce747d0a0, 0x000001fce747d968]
Event: 17.093 Thread 0x000001fcff0c6550 nmethod 8248 0x000001fcee559690 code [0x000001fcee559880, 0x000001fcee55a300]

GC Heap History (20 events):
Event: 10.878 GC heap before
{Heap before GC invocations=13 (full 0):
 garbage-first heap   total 86016K, used 65321K [0x0000000080000000, 0x0000000100000000)
  region size 1024K, 34 young (34816K), 1 survivors (1024K)
 Metaspace       used 43842K, committed 45312K, reserved 1114112K
  class space    used 6190K, committed 6976K, reserved 1048576K
}
Event: 10.881 GC heap after
{Heap after GC invocations=14 (full 0):
 garbage-first heap   total 86016K, used 34168K [0x0000000080000000, 0x0000000100000000)
  region size 1024K, 3 young (3072K), 3 survivors (3072K)
 Metaspace       used 43842K, committed 45312K, reserved 1114112K
  class space    used 6190K, committed 6976K, reserved 1048576K
}
Event: 11.716 GC heap before
{Heap before GC invocations=14 (full 0):
 garbage-first heap   total 86016K, used 66936K [0x0000000080000000, 0x0000000100000000)
  region size 1024K, 35 young (35840K), 3 survivors (3072K)
 Metaspace       used 47619K, committed 49216K, reserved 1114112K
  class space    used 6728K, committed 7552K, reserved 1048576K
}
Event: 11.721 GC heap after
{Heap after GC invocations=15 (full 0):
 garbage-first heap   total 86016K, used 37156K [0x0000000080000000, 0x0000000100000000)
  region size 1024K, 5 young (5120K), 5 survivors (5120K)
 Metaspace       used 47619K, committed 49216K, reserved 1114112K
  class space    used 6728K, committed 7552K, reserved 1048576K
}
Event: 12.308 GC heap before
{Heap before GC invocations=15 (full 0):
 garbage-first heap   total 86016K, used 66852K [0x0000000080000000, 0x0000000100000000)
  region size 1024K, 35 young (35840K), 5 survivors (5120K)
 Metaspace       used 48493K, committed 50048K, reserved 1114112K
  class space    used 6803K, committed 7616K, reserved 1048576K
}
Event: 12.320 GC heap after
{Heap after GC invocations=16 (full 0):
 garbage-first heap   total 86016K, used 43070K [0x0000000080000000, 0x0000000100000000)
  region size 1024K, 5 young (5120K), 5 survivors (5120K)
 Metaspace       used 48493K, committed 50048K, reserved 1114112K
  class space    used 6803K, committed 7616K, reserved 1048576K
}
Event: 12.697 GC heap before
{Heap before GC invocations=16 (full 0):
 garbage-first heap   total 86016K, used 66622K [0x0000000080000000, 0x0000000100000000)
  region size 1024K, 28 young (28672K), 5 survivors (5120K)
 Metaspace       used 52892K, committed 54464K, reserved 1114112K
  class space    used 7789K, committed 8640K, reserved 1048576K
}
Event: 12.702 GC heap after
{Heap after GC invocations=17 (full 0):
 garbage-first heap   total 186368K, used 44939K [0x0000000080000000, 0x0000000100000000)
  region size 1024K, 2 young (2048K), 2 survivors (2048K)
 Metaspace       used 52892K, committed 54464K, reserved 1114112K
  class space    used 7789K, committed 8640K, reserved 1048576K
}
Event: 14.187 GC heap before
{Heap before GC invocations=18 (full 0):
 garbage-first heap   total 167936K, used 145291K [0x0000000080000000, 0x0000000100000000)
  region size 1024K, 94 young (96256K), 2 survivors (2048K)
 Metaspace       used 65687K, committed 67456K, reserved 1114112K
  class space    used 9351K, committed 10240K, reserved 1048576K
}
Event: 14.193 GC heap after
{Heap after GC invocations=19 (full 0):
 garbage-first heap   total 167936K, used 56075K [0x0000000080000000, 0x0000000100000000)
  region size 1024K, 6 young (6144K), 6 survivors (6144K)
 Metaspace       used 65687K, committed 67456K, reserved 1114112K
  class space    used 9351K, committed 10240K, reserved 1048576K
}
Event: 14.206 GC heap before
{Heap before GC invocations=19 (full 0):
 garbage-first heap   total 167936K, used 58123K [0x0000000080000000, 0x0000000100000000)
  region size 1024K, 8 young (8192K), 6 survivors (6144K)
 Metaspace       used 65687K, committed 67456K, reserved 1114112K
  class space    used 9351K, committed 10240K, reserved 1048576K
}
Event: 14.211 GC heap after
{Heap after GC invocations=20 (full 0):
 garbage-first heap   total 167936K, used 56391K [0x0000000080000000, 0x0000000100000000)
  region size 1024K, 1 young (1024K), 1 survivors (1024K)
 Metaspace       used 65687K, committed 67456K, reserved 1114112K
  class space    used 9351K, committed 10240K, reserved 1048576K
}
Event: 14.664 GC heap before
{Heap before GC invocations=20 (full 0):
 garbage-first heap   total 167936K, used 138311K [0x0000000080000000, 0x0000000100000000)
  region size 1024K, 73 young (74752K), 1 survivors (1024K)
 Metaspace       used 65838K, committed 67584K, reserved 1114112K
  class space    used 9357K, committed 10240K, reserved 1048576K
}
Event: 14.689 GC heap after
{Heap after GC invocations=21 (full 0):
 garbage-first heap   total 167936K, used 76348K [0x0000000080000000, 0x0000000100000000)
  region size 1024K, 10 young (10240K), 10 survivors (10240K)
 Metaspace       used 65838K, committed 67584K, reserved 1114112K
  class space    used 9357K, committed 10240K, reserved 1048576K
}
Event: 15.339 GC heap before
{Heap before GC invocations=21 (full 0):
 garbage-first heap   total 167936K, used 135740K [0x0000000080000000, 0x0000000100000000)
  region size 1024K, 59 young (60416K), 10 survivors (10240K)
 Metaspace       used 70124K, committed 71744K, reserved 1114112K
  class space    used 9821K, committed 10688K, reserved 1048576K
}
Event: 15.353 GC heap after
{Heap after GC invocations=22 (full 0):
 garbage-first heap   total 167936K, used 88046K [0x0000000080000000, 0x0000000100000000)
  region size 1024K, 7 young (7168K), 7 survivors (7168K)
 Metaspace       used 70124K, committed 71744K, reserved 1114112K
  class space    used 9821K, committed 10688K, reserved 1048576K
}
Event: 15.876 GC heap before
{Heap before GC invocations=22 (full 0):
 garbage-first heap   total 167936K, used 138222K [0x0000000080000000, 0x0000000100000000)
  region size 1024K, 49 young (50176K), 7 survivors (7168K)
 Metaspace       used 73319K, committed 75008K, reserved 1114112K
  class space    used 10126K, committed 11008K, reserved 1048576K
}
Event: 15.883 GC heap after
{Heap after GC invocations=23 (full 0):
 garbage-first heap   total 167936K, used 101264K [0x0000000080000000, 0x0000000100000000)
  region size 1024K, 6 young (6144K), 6 survivors (6144K)
 Metaspace       used 73319K, committed 75008K, reserved 1114112K
  class space    used 10126K, committed 11008K, reserved 1048576K
}
Event: 16.235 GC heap before
{Heap before GC invocations=23 (full 0):
 garbage-first heap   total 167936K, used 136080K [0x0000000080000000, 0x0000000100000000)
  region size 1024K, 40 young (40960K), 6 survivors (6144K)
 Metaspace       used 77387K, committed 79360K, reserved 1179648K
  class space    used 10541K, committed 11584K, reserved 1048576K
}
Event: 16.241 GC heap after
{Heap after GC invocations=24 (full 0):
 garbage-first heap   total 335872K, used 104204K [0x0000000080000000, 0x0000000100000000)
  region size 1024K, 3 young (3072K), 3 survivors (3072K)
 Metaspace       used 77387K, committed 79360K, reserved 1179648K
  class space    used 10541K, committed 11584K, reserved 1048576K
}

Dll operation events (15 events):
Event: 0.010 Loaded shared library C:\Program Files\Java\jdk-19\bin\java.dll
Event: 0.022 Loaded shared library C:\Program Files\Java\jdk-19\bin\jsvml.dll
Event: 0.336 Loaded shared library C:\Program Files\Java\jdk-19\bin\zip.dll
Event: 0.363 Loaded shared library C:\Program Files\Java\jdk-19\bin\instrument.dll
Event: 0.377 Loaded shared library C:\Program Files\Java\jdk-19\bin\net.dll
Event: 0.378 Loaded shared library C:\Program Files\Java\jdk-19\bin\nio.dll
Event: 0.382 Loaded shared library C:\Program Files\Java\jdk-19\bin\zip.dll
Event: 0.545 Loaded shared library C:\Program Files\Java\jdk-19\bin\jimage.dll
Event: 0.590 Loaded shared library C:\Program Files\Java\jdk-19\bin\verify.dll
Event: 0.796 Loaded shared library C:\Users\medte\.gradle\native\c067742578af261105cb4f569cf0c3c89f3d7b1fecec35dd04571415982c5e48\windows-amd64\native-platform.dll
Event: 0.834 Loaded shared library C:\Users\medte\.gradle\native\38dada09dfb8b06ba9b0570ebf7e218e3eb74d4ef43ca46872605cf95ebc2f47\windows-amd64\native-platform-file-events.dll
Event: 2.620 Loaded shared library C:\Program Files\Java\jdk-19\bin\management.dll
Event: 2.648 Loaded shared library C:\Program Files\Java\jdk-19\bin\management_ext.dll
Event: 3.547 Loaded shared library C:\Program Files\Java\jdk-19\bin\extnet.dll
Event: 4.119 Loaded shared library C:\Program Files\Java\jdk-19\bin\sunmscapi.dll

Deoptimization events (20 events):
Event: 16.481 Thread 0x000001fcfe403ab0 Uncommon trap: trap_request=0xffffff45 fr.pc=0x000001fcee4e0598 relative=0x00000000000006d8
Event: 16.481 Thread 0x000001fcfe403ab0 Uncommon trap: reason=unstable_if action=reinterpret pc=0x000001fcee4e0598 method=org.jetbrains.org.objectweb.asm.ClassReader.readUtf(II[C)Ljava/lang/String; @ 41 c2
Event: 16.481 Thread 0x000001fcfe403ab0 DEOPT PACKING pc=0x000001fcee4e0598 sp=0x000000e7efaf3310
Event: 16.481 Thread 0x000001fcfe403ab0 DEOPT UNPACKING pc=0x000001fcedc4a5a3 sp=0x000000e7efaf3228 mode 2
Event: 16.482 Thread 0x000001fcfe403ab0 Uncommon trap: trap_request=0xffffffc6 fr.pc=0x000001fcee4ef694 relative=0x00000000000002b4
Event: 16.482 Thread 0x000001fcfe403ab0 Uncommon trap: reason=bimorphic_or_optimized_type_check action=maybe_recompile pc=0x000001fcee4ef694 method=org.jetbrains.kotlin.protobuf.CodedInputStream.tryRefillBuffer(I)Z @ 177 c2
Event: 16.482 Thread 0x000001fcfe403ab0 DEOPT PACKING pc=0x000001fcee4ef694 sp=0x000000e7efaf3560
Event: 16.482 Thread 0x000001fcfe403ab0 DEOPT UNPACKING pc=0x000001fcedc4a5a3 sp=0x000000e7efaf3498 mode 2
Event: 16.564 Thread 0x000001fcfe403ab0 Uncommon trap: trap_request=0xffffff45 fr.pc=0x000001fcee4dadc8 relative=0x0000000000000588
Event: 16.564 Thread 0x000001fcfe403ab0 Uncommon trap: reason=unstable_if action=reinterpret pc=0x000001fcee4dadc8 method=org.jetbrains.org.objectweb.asm.ClassReader.readUtf(II[C)Ljava/lang/String; @ 41 c2
Event: 16.564 Thread 0x000001fcfe403ab0 DEOPT PACKING pc=0x000001fcee4dadc8 sp=0x000000e7efaf25e0
Event: 16.564 Thread 0x000001fcfe403ab0 DEOPT UNPACKING pc=0x000001fcedc4a5a3 sp=0x000000e7efaf2588 mode 2
Event: 16.629 Thread 0x000001fcfe403ab0 Uncommon trap: trap_request=0xffffff45 fr.pc=0x000001fcee4fe064 relative=0x00000000000001c4
Event: 16.629 Thread 0x000001fcfe403ab0 Uncommon trap: reason=unstable_if action=reinterpret pc=0x000001fcee4fe064 method=java.io.ByteArrayInputStream.read()I @ 8 c2
Event: 16.629 Thread 0x000001fcfe403ab0 DEOPT PACKING pc=0x000001fcee4fe064 sp=0x000000e7efaf4210
Event: 16.629 Thread 0x000001fcfe403ab0 DEOPT UNPACKING pc=0x000001fcedc4a5a3 sp=0x000000e7efaf41c8 mode 2
Event: 17.038 Thread 0x000001fcfe403ab0 Uncommon trap: trap_request=0xffffffcc fr.pc=0x000001fcee54c594 relative=0x00000000000023f4
Event: 17.038 Thread 0x000001fcfe403ab0 Uncommon trap: reason=intrinsic_or_type_checked_inlining action=make_not_entrant pc=0x000001fcee54c594 method=java.util.ArrayList$SubList.toArray([Ljava/lang/Object;)[Ljava/lang/Object; @ 58 c2
Event: 17.038 Thread 0x000001fcfe403ab0 DEOPT PACKING pc=0x000001fcee54c594 sp=0x000000e7efaeec00
Event: 17.038 Thread 0x000001fcfe403ab0 DEOPT UNPACKING pc=0x000001fcedc4a5a3 sp=0x000000e7efaeeb68 mode 2

Classes loaded (20 events):
Event: 13.965 Loading class java/lang/invoke/BoundMethodHandle$Species_LI
Event: 13.965 Loading class java/lang/invoke/BoundMethodHandle$Species_LI done
Event: 13.969 Loading class java/io/UTFDataFormatException
Event: 13.974 Loading class java/io/UTFDataFormatException done
Event: 14.042 Loading class java/util/zip/ZipFile$ZipEntryIterator
Event: 14.044 Loading class java/util/zip/ZipFile$ZipEntryIterator done
Event: 14.854 Loading class java/nio/channels/NonWritableChannelException
Event: 14.855 Loading class java/nio/channels/NonWritableChannelException done
Event: 16.497 Loading class java/text/StringCharacterIterator
Event: 16.498 Loading class java/text/CharacterIterator
Event: 16.499 Loading class java/text/CharacterIterator done
Event: 16.499 Loading class java/text/StringCharacterIterator done
Event: 16.532 Loading class java/io/NotSerializableException
Event: 16.532 Loading class java/io/NotSerializableException done
Event: 16.623 Loading class java/util/AbstractList$ListItr
Event: 16.624 Loading class java/util/AbstractList$ListItr done
Event: 16.970 Loading class java/util/AbstractList$RandomAccessSubList
Event: 16.970 Loading class java/util/AbstractList$SubList
Event: 16.970 Loading class java/util/AbstractList$SubList done
Event: 16.970 Loading class java/util/AbstractList$RandomAccessSubList done

Classes unloaded (0 events):
No events

Classes redefined (0 events):
No events

Internal exceptions (20 events):
Event: 13.287 Thread 0x000001fcfe403ab0 Exception <a 'java/lang/NoSuchMethodError'{0x0000000087ab86f0}: 'int java.lang.invoke.DelegatingMethodHandle$Holder.reinvoke_L(java.lang.Object, java.lang.Object, java.lang.Object, long, int, int)'> (0x0000000087ab86f0) 
thrown [s\open\src\hotspot\share\interpreter\linkResolver.cpp, line 774]
Event: 13.288 Thread 0x000001fcfe403ab0 Exception <a 'java/lang/NoSuchMethodError'{0x0000000087ac8638}: 'int java.lang.invoke.DelegatingMethodHandle$Holder.reinvoke_L(java.lang.Object, java.lang.Object, java.lang.Object, long, long, long)'> (0x0000000087ac8638) 
thrown [s\open\src\hotspot\share\interpreter\linkResolver.cpp, line 774]
Event: 13.288 Thread 0x000001fcfe403ab0 Exception <a 'java/lang/NoSuchMethodError'{0x0000000087ad8258}: 'int java.lang.invoke.DelegatingMethodHandle$Holder.reinvoke_L(java.lang.Object, java.lang.Object, java.lang.Object, long, int)'> (0x0000000087ad8258) 
thrown [s\open\src\hotspot\share\interpreter\linkResolver.cpp, line 774]
Event: 13.913 Thread 0x000001fcfe403ab0 Exception <a 'java/lang/NoSuchMethodError'{0x00000000854b1650}: 'java.lang.Object java.lang.invoke.Invokers$Holder.invokeExact_MT(java.lang.Object, java.lang.Object, long, java.lang.Object)'> (0x00000000854b1650) 
thrown [s\open\src\hotspot\share\interpreter\linkResolver.cpp, line 774]
Event: 13.964 Thread 0x000001fcfe403ab0 Implicit null exception at 0x000001fcee2b1440 to 0x000001fcee2b164c
Event: 13.965 Thread 0x000001fcfe403ab0 Exception <a 'java/lang/NoSuchMethodError'{0x00000000851391c8}: 'int java.lang.invoke.DirectMethodHandle$Holder.invokeSpecial(java.lang.Object, java.lang.Object, java.lang.Object, int)'> (0x00000000851391c8) 
thrown [s\open\src\hotspot\share\interpreter\linkResolver.cpp, line 774]
Event: 13.966 Thread 0x000001fcfe403ab0 Exception <a 'java/lang/NoSuchMethodError'{0x000000008514ad48}: 'java.lang.Object java.lang.invoke.DirectMethodHandle$Holder.invokeStatic(java.lang.Object, java.lang.Object, java.lang.Object, java.lang.Object, int)'> (0x000000008514ad48) 
thrown [s\open\src\hotspot\share\interpreter\linkResolver.cpp, line 774]
Event: 13.966 Thread 0x000001fcfe403ab0 Exception <a 'java/lang/NoSuchMethodError'{0x0000000085154140}: 'long java.lang.invoke.DirectMethodHandle$Holder.invokeStatic(java.lang.Object, java.lang.Object, int)'> (0x0000000085154140) 
thrown [s\open\src\hotspot\share\interpreter\linkResolver.cpp, line 774]
Event: 13.967 Thread 0x000001fcfe403ab0 Exception <a 'java/lang/NoSuchMethodError'{0x0000000085161258}: 'java.lang.Object java.lang.invoke.DelegatingMethodHandle$Holder.reinvoke_L(java.lang.Object, int, long, java.lang.Object, java.lang.Object, int, java.lang.Object)'> (0x0000000085161258) 
thrown [s\open\src\hotspot\share\interpreter\linkResolver.cpp, line 774]
Event: 14.044 Thread 0x000001fcfe403ab0 Implicit null exception at 0x000001fcee33861c to 0x000001fcee33909c
Event: 14.308 Thread 0x000001fcfe403ab0 Implicit null exception at 0x000001fcee49cac6 to 0x000001fcee49e420
Event: 14.308 Thread 0x000001fcfe403ab0 Implicit null exception at 0x000001fcee498ff9 to 0x000001fcee499608
Event: 16.181 Thread 0x000001fcfe403ab0 Exception <a 'java/lang/NoSuchMethodError'{0x00000000889c34e8}: 'java.lang.Object java.lang.invoke.DirectMethodHandle$Holder.newInvokeSpecial(java.lang.Object, java.lang.Object, java.lang.Object, java.lang.Object, java.lang.Object, java.lang.Object, java.lang.Object, java.lang.Object, java.lang.Object, java.lang.Object, java.lang.Object, java.lang.Object, java.lang.Object, java.lang.Object)'> (0x00000000889c34e8) 
thrown [s\open\src\hotspot\share\interpreter\linkResolver.cpp, line 774]
Event: 16.181 Thread 0x000001fcfe403ab0 Exception <a 'java/lang/NoSuchMethodError'{0x00000000889ca320}: 'java.lang.Object java.lang.invoke.DirectMethodHandle$Holder.invokeSpecial(java.lang.Object, java.lang.Object, java.lang.Object, java.lang.Object, java.lang.Object, java.lang.Object, java.lang.Object, java.lang.Object, java.lang.Object, java.lang.Object, java.lang.Object, java.lang.Object, java.lang.Object, java.lang.Object, java.lang.Object)'> (0x00000000889ca320) 
thrown [s\open\src\hotspot\share\interpreter\linkResolver.cpp, line 774]
Event: 16.181 Thread 0x000001fcfe403ab0 Exception <a 'java/lang/NoSuchMethodError'{0x00000000889d0400}: 'java.lang.Object java.lang.invoke.DelegatingMethodHandle$Holder.reinvoke_L(java.lang.Object, java.lang.Object, java.lang.Object, java.lang.Object, java.lang.Object, java.lang.Object, java.lang.Object, java.lang.Object, java.lang.Object, java.lang.Object, java.lang.Object, java.lang.Object, java.lang.Object, java.lang.Object)'> (0x00000000889d0400) 
thrown [s\open\src\hotspot\share\interpreter\linkResolver.cpp, line 774]
Event: 16.190 Thread 0x000001fcfe403ab0 Exception <a 'java/lang/NoSuchMethodError'{0x0000000088718ca8}: 'java.lang.Object java.lang.invoke.DirectMethodHandle$Holder.newInvokeSpecial(java.lang.Object, java.lang.Object, java.lang.Object, java.lang.Object, java.lang.Object, java.lang.Object, java.lang.Object, java.lang.Object, java.lang.Object, java.lang.Object, java.lang.Object, java.lang.Object, java.lang.Object, java.lang.Object, java.lang.Object, java.lang.Object, java.lang.Object, java.lang.Object, java.lang.Object, java.lang.Object, java.lang
Event: 16.222 Thread 0x000001fcfe403ab0 Exception <a 'java/lang/NoSuchMethodError'{0x0000000088316168}: 'java.lang.Object java.lang.invoke.DirectMethodHandle$Holder.newInvokeSpecial(java.lang.Object, java.lang.Object, java.lang.Object, java.lang.Object, java.lang.Object, java.lang.Object, java.lang.Object, java.lang.Object, java.lang.Object, java.lang.Object, java.lang.Object, java.lang.Object, java.lang.Object, java.lang.Object, java.lang.Object, java.lang.Object)'> (0x0000000088316168) 
thrown [s\open\src\hotspot\share\interpreter\linkResolver
Event: 16.223 Thread 0x000001fcfe403ab0 Exception <a 'java/lang/NoSuchMethodError'{0x000000008831d320}: 'java.lang.Object java.lang.invoke.DirectMethodHandle$Holder.invokeSpecial(java.lang.Object, java.lang.Object, java.lang.Object, java.lang.Object, java.lang.Object, java.lang.Object, java.lang.Object, java.lang.Object, java.lang.Object, java.lang.Object, java.lang.Object, java.lang.Object, java.lang.Object, java.lang.Object, java.lang.Object, java.lang.Object, java.lang.Object)'> (0x000000008831d320) 
thrown [s\open\src\hotspot\share\interpret
Event: 16.223 Thread 0x000001fcfe403ab0 Exception <a 'java/lang/NoSuchMethodError'{0x00000000883236e0}: 'java.lang.Object java.lang.invoke.DelegatingMethodHandle$Holder.reinvoke_L(java.lang.Object, java.lang.Object, java.lang.Object, java.lang.Object, java.lang.Object, java.lang.Object, java.lang.Object, java.lang.Object, java.lang.Object, java.lang.Object, java.lang.Object, java.lang.Object, java.lang.Object, java.lang.Object, java.lang.Object, java.lang.Object)'> (0x00000000883236e0) 
thrown [s\open\src\hotspot\share\interpreter\linkResolver.c
Event: 16.233 Thread 0x000001fcfe403ab0 Exception <a 'java/lang/NoSuchMethodError'{0x000000008826f7b0}: 'java.lang.Object java.lang.invoke.DirectMethodHandle$Holder.newInvokeSpecial(java.lang.Object, java.lang.Object, java.lang.Object, java.lang.Object, java.lang.Object, java.lang.Object, java.lang.Object, java.lang.Object, java.lang.Object, java.lang.Object, java.lang.Object, java.lang.Object, java.lang.Object, java.lang.Object, java.lang.Object, java.lang.Object, java.lang.Object, java.lang.Object, java.lang.Object, java.lang.Object, java.lang

VM Operations (20 events):
Event: 14.735 Executing VM operation: HandshakeAllThreads
Event: 14.735 Executing VM operation: HandshakeAllThreads done
Event: 15.339 Executing VM operation: G1CollectForAllocation
Event: 15.353 Executing VM operation: G1CollectForAllocation done
Event: 15.875 Executing VM operation: G1CollectForAllocation
Event: 15.883 Executing VM operation: G1CollectForAllocation done
Event: 16.234 Executing VM operation: G1CollectForAllocation
Event: 16.241 Executing VM operation: G1CollectForAllocation done
Event: 16.367 Executing VM operation: HandshakeAllThreads
Event: 16.367 Executing VM operation: HandshakeAllThreads done
Event: 16.395 Executing VM operation: HandshakeAllThreads
Event: 16.395 Executing VM operation: HandshakeAllThreads done
Event: 16.439 Executing VM operation: HandshakeAllThreads
Event: 16.440 Executing VM operation: HandshakeAllThreads done
Event: 16.462 Executing VM operation: HandshakeAllThreads
Event: 16.462 Executing VM operation: HandshakeAllThreads done
Event: 16.625 Executing VM operation: HandshakeAllThreads
Event: 16.625 Executing VM operation: HandshakeAllThreads done
Event: 17.031 Executing VM operation: ICBufferFull
Event: 17.031 Executing VM operation: ICBufferFull done

Events (20 events):
Event: 11.218 Thread 0x000001fcfc7ddb70 flushing nmethod 0x000001fce6f9be90
Event: 11.219 Thread 0x000001fcfc7ddb70 flushing nmethod 0x000001fce6fa3290
Event: 11.219 Thread 0x000001fcfc7ddb70 flushing nmethod 0x000001fce6fa3b10
Event: 11.219 Thread 0x000001fcfc7ddb70 flushing nmethod 0x000001fce6fa3e10
Event: 11.219 Thread 0x000001fcfc7ddb70 flushing nmethod 0x000001fce6fb1d10
Event: 11.219 Thread 0x000001fcfc7ddb70 flushing nmethod 0x000001fce6fb3410
Event: 11.219 Thread 0x000001fcfc7ddb70 flushing nmethod 0x000001fce6fb7110
Event: 11.219 Thread 0x000001fcfc7ddb70 flushing nmethod 0x000001fce6fd6510
Event: 11.219 Thread 0x000001fcfc7ddb70 flushing nmethod 0x000001fce700dd10
Event: 11.219 Thread 0x000001fcfc7ddb70 flushing nmethod 0x000001fce7047810
Event: 11.219 Thread 0x000001fcfc7ddb70 flushing nmethod 0x000001fce7059f10
Event: 11.219 Thread 0x000001fcfc7ddb70 flushing nmethod 0x000001fce705cc90
Event: 11.945 Thread 0x000001fcff174010 Thread added: 0x000001fcff174010
Event: 11.945 Thread 0x000001fcff174ab0 Thread added: 0x000001fcff174ab0
Event: 11.945 Thread 0x000001fcff170050 Thread added: 0x000001fcff170050
Event: 12.500 Thread 0x000001fcff1833f0 Thread exited: 0x000001fcff1833f0
Event: 14.107 Thread 0x000001fc849f1680 Thread added: 0x000001fc849f1680
Event: 14.736 Thread 0x000001fcfc7ddb70 flushing nmethod 0x000001fcee42bc10
Event: 15.008 Thread 0x000001fc849f1680 Thread exited: 0x000001fc849f1680
Event: 16.114 Thread 0x000001fcff0c6550 Thread added: 0x000001fcff0c6550


Dynamic libraries:
0x00007ff7ac6c0000 - 0x00007ff7ac6d0000 	C:\Program Files\Java\jdk-19\bin\java.exe
0x00007ffd3d0d0000 - 0x00007ffd3d2c8000 	C:\Windows\SYSTEM32\ntdll.dll
0x00007ffd3bf30000 - 0x00007ffd3bfed000 	C:\Windows\System32\KERNEL32.DLL
0x00007ffd3ae30000 - 0x00007ffd3b126000 	C:\Windows\System32\KERNELBASE.dll
0x00007ffd3a7b0000 - 0x00007ffd3a8b0000 	C:\Windows\System32\ucrtbase.dll
0x00007ffd1a0c0000 - 0x00007ffd1a0d8000 	C:\Program Files\Java\jdk-19\bin\jli.dll
0x00007ffd1b660000 - 0x00007ffd1b67b000 	C:\Program Files\Java\jdk-19\bin\VCRUNTIME140.dll
0x00007ffd3cd90000 - 0x00007ffd3ce3f000 	C:\Windows\System32\ADVAPI32.dll
0x00007ffd3c820000 - 0x00007ffd3c8be000 	C:\Windows\System32\msvcrt.dll
0x00007ffd3c0d0000 - 0x00007ffd3c16c000 	C:\Windows\System32\sechost.dll
0x00007ffd3cf60000 - 0x00007ffd3d086000 	C:\Windows\System32\RPCRT4.dll
0x00007ffd3c950000 - 0x00007ffd3caee000 	C:\Windows\System32\USER32.dll
0x00007ffd3ab30000 - 0x00007ffd3ab52000 	C:\Windows\System32\win32u.dll
0x00007ffd3caf0000 - 0x00007ffd3cb1c000 	C:\Windows\System32\GDI32.dll
0x00007ffd39aa0000 - 0x00007ffd39d3a000 	C:\Windows\WinSxS\amd64_microsoft.windows.common-controls_6595b64144ccf1df_6.0.19041.3636_none_60b6a03d71f818d5\COMCTL32.dll
0x00007ffd3ab60000 - 0x00007ffd3ac7a000 	C:\Windows\System32\gdi32full.dll
0x00007ffd3a920000 - 0x00007ffd3a9bd000 	C:\Windows\System32\msvcp_win.dll
0x00007ffd36fe0000 - 0x00007ffd36fea000 	C:\Windows\SYSTEM32\VERSION.dll
0x00007ffd3c920000 - 0x00007ffd3c950000 	C:\Windows\System32\IMM32.DLL
0x00007ffd2a510000 - 0x00007ffd2a51c000 	C:\Program Files\Java\jdk-19\bin\vcruntime140_1.dll
0x00007ffcf3260000 - 0x00007ffcf32ee000 	C:\Program Files\Java\jdk-19\bin\msvcp140.dll
0x00007ffcbd690000 - 0x00007ffcbe350000 	C:\Program Files\Java\jdk-19\bin\server\jvm.dll
0x00007ffd2b310000 - 0x00007ffd2b337000 	C:\Windows\SYSTEM32\WINMM.dll
0x00007ffd1fc90000 - 0x00007ffd1fc99000 	C:\Windows\SYSTEM32\WSOCK32.dll
0x00007ffd3cd20000 - 0x00007ffd3cd8b000 	C:\Windows\System32\WS2_32.dll
0x00007ffd37ad0000 - 0x00007ffd37ae2000 	C:\Windows\SYSTEM32\kernel.appcore.dll
0x00007ffd29bb0000 - 0x00007ffd29bba000 	C:\Program Files\Java\jdk-19\bin\jimage.dll
0x00007ffd3a230000 - 0x00007ffd3a414000 	C:\Windows\SYSTEM32\DBGHELP.DLL
0x00007ffd3a100000 - 0x00007ffd3a134000 	C:\Windows\SYSTEM32\dbgcore.DLL
0x00007ffd3aa70000 - 0x00007ffd3aaf2000 	C:\Windows\System32\bcryptPrimitives.dll
0x00007ffd253f0000 - 0x00007ffd253fe000 	C:\Program Files\Java\jdk-19\bin\instrument.dll
0x00007ffd0e6d0000 - 0x00007ffd0e6f6000 	C:\Program Files\Java\jdk-19\bin\java.dll
0x00007ffce7340000 - 0x00007ffce7417000 	C:\Program Files\Java\jdk-19\bin\jsvml.dll
0x00007ffd3b1e0000 - 0x00007ffd3b925000 	C:\Windows\System32\SHELL32.dll
0x00007ffd37af0000 - 0x00007ffd3828b000 	C:\Windows\SYSTEM32\windows.storage.dll
0x00007ffd3c170000 - 0x00007ffd3c4c4000 	C:\Windows\System32\combase.dll
0x00007ffd39d90000 - 0x00007ffd39dbd000 	C:\Windows\SYSTEM32\Wldp.dll
0x00007ffd3b130000 - 0x00007ffd3b1dd000 	C:\Windows\System32\SHCORE.dll
0x00007ffd3c8c0000 - 0x00007ffd3c915000 	C:\Windows\System32\shlwapi.dll
0x00007ffd3a6e0000 - 0x00007ffd3a705000 	C:\Windows\SYSTEM32\profapi.dll
0x00007ffd0e530000 - 0x00007ffd0e548000 	C:\Program Files\Java\jdk-19\bin\zip.dll
0x00007ffd19250000 - 0x00007ffd19263000 	C:\Program Files\Java\jdk-19\bin\net.dll
0x00007ffd30ce0000 - 0x00007ffd30dea000 	C:\Windows\SYSTEM32\WINHTTP.dll
0x00007ffd39870000 - 0x00007ffd398da000 	C:\Windows\system32\mswsock.dll
0x00007ffd0f6c0000 - 0x00007ffd0f6d6000 	C:\Program Files\Java\jdk-19\bin\nio.dll
0x00007ffd1ffd0000 - 0x00007ffd1ffe0000 	C:\Program Files\Java\jdk-19\bin\verify.dll
0x00007ffcf9fd0000 - 0x00007ffcf9ff7000 	C:\Users\medte\.gradle\native\c067742578af261105cb4f569cf0c3c89f3d7b1fecec35dd04571415982c5e48\windows-amd64\native-platform.dll
0x00007ffce71f0000 - 0x00007ffce7334000 	C:\Users\medte\.gradle\native\38dada09dfb8b06ba9b0570ebf7e218e3eb74d4ef43ca46872605cf95ebc2f47\windows-amd64\native-platform-file-events.dll
0x00007ffd1e360000 - 0x00007ffd1e36a000 	C:\Program Files\Java\jdk-19\bin\management.dll
0x00007ffd1d800000 - 0x00007ffd1d80b000 	C:\Program Files\Java\jdk-19\bin\management_ext.dll
0x00007ffd3cbf0000 - 0x00007ffd3cbf8000 	C:\Windows\System32\PSAPI.DLL
0x00007ffd3a1c0000 - 0x00007ffd3a1d8000 	C:\Windows\SYSTEM32\CRYPTSP.dll
0x00007ffd391b0000 - 0x00007ffd391e4000 	C:\Windows\system32\rsaenh.dll
0x00007ffd3ab00000 - 0x00007ffd3ab27000 	C:\Windows\System32\bcrypt.dll
0x00007ffd3a6a0000 - 0x00007ffd3a6ce000 	C:\Windows\SYSTEM32\USERENV.dll
0x00007ffd39a60000 - 0x00007ffd39a6c000 	C:\Windows\SYSTEM32\CRYPTBASE.dll
0x00007ffd39420000 - 0x00007ffd3945b000 	C:\Windows\SYSTEM32\IPHLPAPI.DLL
0x00007ffd3cc80000 - 0x00007ffd3cc88000 	C:\Windows\System32\NSI.dll
0x00007ffd2dfc0000 - 0x00007ffd2dfd7000 	C:\Windows\SYSTEM32\dhcpcsvc6.DLL
0x00007ffd2dd90000 - 0x00007ffd2ddad000 	C:\Windows\SYSTEM32\dhcpcsvc.DLL
0x00007ffd395a0000 - 0x00007ffd3966a000 	C:\Windows\SYSTEM32\DNSAPI.dll
0x00007ffd25400000 - 0x00007ffd25408000 	C:\Program Files\Java\jdk-19\bin\extnet.dll
0x00007ffd1cc40000 - 0x00007ffd1cc4e000 	C:\Program Files\Java\jdk-19\bin\sunmscapi.dll
0x00007ffd3ac80000 - 0x00007ffd3addd000 	C:\Windows\System32\CRYPT32.dll
0x00007ffd39e00000 - 0x00007ffd39e27000 	C:\Windows\SYSTEM32\ncrypt.dll
0x00007ffd39dc0000 - 0x00007ffd39dfb000 	C:\Windows\SYSTEM32\NTASN1.dll
0x00007ffcf2de0000 - 0x00007ffcf2de7000 	C:\Windows\system32\wshunix.dll

dbghelp: loaded successfully - version: 4.0.5 - missing functions: none
symbol engine: initialized successfully - sym options: 0x614 - pdb path: .;C:\Program Files\Java\jdk-19\bin;C:\Windows\SYSTEM32;C:\Windows\WinSxS\amd64_microsoft.windows.common-controls_6595b64144ccf1df_6.0.19041.3636_none_60b6a03d71f818d5;C:\Program Files\Java\jdk-19\bin\server;C:\Users\medte\.gradle\native\c067742578af261105cb4f569cf0c3c89f3d7b1fecec35dd04571415982c5e48\windows-amd64;C:\Users\medte\.gradle\native\38dada09dfb8b06ba9b0570ebf7e218e3eb74d4ef43ca46872605cf95ebc2f47\windows-amd64

VM Arguments:
jvm_args: --add-opens=java.base/java.util=ALL-UNNAMED --add-opens=java.base/java.lang=ALL-UNNAMED --add-opens=java.base/java.lang.invoke=ALL-UNNAMED --add-opens=java.prefs/java.util.prefs=ALL-UNNAMED --add-opens=java.base/java.nio.charset=ALL-UNNAMED --add-opens=java.base/java.net=ALL-UNNAMED --add-opens=java.base/java.util.concurrent.atomic=ALL-UNNAMED -Xmx2048m -Dfile.encoding=UTF-8 -Duser.country=IN -Duser.language=en -Duser.variant -javaagent:C:\Users\medte\.gradle\wrapper\dists\gradle-8.4-bin\1w5dpkrfk8irigvoxmyhowfim\gradle-8.4\lib\agents\gradle-instrumentation-agent-8.4.jar 
java_command: org.gradle.launcher.daemon.bootstrap.GradleDaemon 8.4
java_class_path (initial): C:\Users\medte\.gradle\wrapper\dists\gradle-8.4-bin\1w5dpkrfk8irigvoxmyhowfim\gradle-8.4\lib\gradle-launcher-8.4.jar
Launcher Type: SUN_STANDARD

[Global flags]
     intx CICompilerCount                          = 3                                         {product} {ergonomic}
     uint ConcGCThreads                            = 1                                         {product} {ergonomic}
     uint G1ConcRefinementThreads                  = 4                                         {product} {ergonomic}
   size_t G1HeapRegionSize                         = 1048576                                   {product} {ergonomic}
    uintx GCDrainStackTargetSize                   = 64                                        {product} {ergonomic}
   size_t InitialHeapSize                          = 132120576                                 {product} {ergonomic}
   size_t MarkStackSize                            = 4194304                                   {product} {ergonomic}
   size_t MaxHeapSize                              = 2147483648                                {product} {command line}
   size_t MaxNewSize                               = 1287651328                                {product} {ergonomic}
   size_t MinHeapDeltaBytes                        = 1048576                                   {product} {ergonomic}
   size_t MinHeapSize                              = 8388608                                   {product} {ergonomic}
    uintx NonNMethodCodeHeapSize                   = 5832780                                {pd product} {ergonomic}
    uintx NonProfiledCodeHeapSize                  = 122912730                              {pd product} {ergonomic}
    uintx ProfiledCodeHeapSize                     = 122912730                              {pd product} {ergonomic}
    uintx ReservedCodeCacheSize                    = 251658240                              {pd product} {ergonomic}
     bool SegmentedCodeCache                       = true                                      {product} {ergonomic}
   size_t SoftMaxHeapSize                          = 2147483648                             {manageable} {ergonomic}
     bool UseCompressedClassPointers               = true                           {product lp64_product} {ergonomic}
     bool UseCompressedOops                        = true                           {product lp64_product} {ergonomic}
     bool UseG1GC                                  = true                                      {product} {ergonomic}
     bool UseLargePagesIndividualAllocation        = false                                  {pd product} {ergonomic}

Logging:
Log output configuration:
 #0: stdout all=warning uptime,level,tags foldmultilines=false
 #1: stderr all=off uptime,level,tags foldmultilines=false

Environment Variables:
JAVA_HOME=C:\Program Files\Java\jdk-19
CLASSPATH=D:\Chintan Joshi\Open Git Project\HRVECGData\\gradle\wrapper\gradle-wrapper.jar
PATH=C:\Program Files\Microsoft\jdk-11.0.16.101-hotspot\bin;C:\Python311\Scripts\;C:\Python311\;C:\Program Files\Java\jdk-19\bin;C:\Program Files\Common Files\Oracle\Java\javapath;C:\Windows\system32;C:\Windows;C:\Windows\System32\Wbem;C:\Windows\System32\WindowsPowerShell\v1.0\;C:\Windows\System32\OpenSSH\;C:\Program Files\Docker\Docker\resources\bin;C:\Program Files\nodejs\;C:\ProgramData\chocolatey\bin;C:\Program Files\Microsoft SQL Server\150\Tools\Binn\;C:\Program Files\Microsoft SQL Server\Client SDK\ODBC\170\Tools\Binn\;C:\Program Files\dotnet\;D:\SDK\platform-tools;C:\Program Files\Git\cmd;C:\Users\medte\AppData\Local\Programs\Python\Python37-32\Scripts\;C:\Users\medte\AppData\Local\Programs\Python\Python37-32\;C:\Users\medte\AppData\Local\Microsoft\WindowsApps;C:\Users\medte\AppData\Local\Programs\Microsoft VS Code\bin;C:\Users\medte\AppData\Local\GitHubDesktop\bin;C:\Users\medte\AppData\Local\JetBrains\Toolbox\scripts;C:\Users\medte\AppData\Roaming\npm;D:\Chintan Joshi\flutter\bin;C:\Users\medte\.dotnet\tools;D:\Dart SDK\dart-sdk\bin;C:\Users\medte\AppData\Roaming\Pub\Cache\bin;C:\Program Files (x86)\Nmap
USERNAME=medte
OS=Windows_NT
PROCESSOR_IDENTIFIER=Intel64 Family 6 Model 140 Stepping 1, GenuineIntel
TMP=C:\Users\medte\AppData\Local\Temp
TEMP=C:\Users\medte\AppData\Local\Temp



---------------  S Y S T E M  ---------------

OS:
 Windows 10 , 64 bit Build 19041 (10.0.19041.3636)
OS uptime: 0 days 5:26 hours
Hyper-V role detected

CPU: total 4 (initial active 4) (2 cores per cpu, 2 threads per core) family 6 model 140 stepping 1 microcode 0x86, cx8, cmov, fxsr, ht, mmx, 3dnowpref, sse, sse2, sse3, ssse3, sse4.1, sse4.2, popcnt, lzcnt, tsc, tscinvbit, avx, avx2, aes, erms, clmul, bmi1, bmi2, adx, avx512f, avx512dq, avx512cd, avx512bw, avx512vl, sha, fma, vzeroupper, avx512_vpopcntdq, avx512_vpclmulqdq, avx512_vaes, avx512_vnni, clflush, clflushopt, clwb, avx512_vbmi2, avx512_vbmi, hv, rdtscp, rdpid, fsrm, gfni, avx512_bitalg

Memory: 4k page, system-wide physical 7975M (449M free)
TotalPageFile size 25448M (AvailPageFile size 2M)
current process WorkingSet (physical memory assigned to process): 415M, peak: 415M
current process commit charge ("private bytes"): 584M, peak: 584M

vm_info: Java HotSpot(TM) 64-Bit Server VM (19.0.1+10-21) for windows-amd64 JRE (19.0.1+10-21), built on 2022-09-14T12:45:06Z by "mach5one" with MS VC++ 17.1 (VS2022)

END.
